2025-03-08 15:04:31 [main] INFO  c.m.assessment.AssessmentApplication - Starting AssessmentApplication using Java 17.0.9 with PID 309236 (D:\Documents\GitHub\MBJavaAssessment\Assessment\bin\main started by Vapor-15 Pro in D:\Documents\GitHub\MBJavaAssessment\Assessment)
2025-03-08 15:04:31 [main] INFO  c.m.assessment.AssessmentApplication - No active profile set, falling back to 1 default profile: "default"
2025-03-08 15:04:31 [main] INFO  o.s.d.r.c.RepositoryConfigurationDelegate - Bootstrapping Spring Data JPA repositories in DEFAULT mode.
2025-03-08 15:04:31 [main] INFO  o.s.d.r.c.RepositoryConfigurationDelegate - Finished Spring Data repository scanning in 62 ms. Found 1 JPA repository interface.
2025-03-08 15:04:32 [main] INFO  o.s.cloud.context.scope.GenericScope - BeanFactory id=2958bdcb-cd56-3c7e-a0b3-4ecf83f23634
2025-03-08 15:04:32 [main] INFO  o.s.b.w.e.tomcat.TomcatWebServer - Tomcat initialized with port 8085 (http)
2025-03-08 15:04:32 [main] INFO  o.a.coyote.http11.Http11NioProtocol - Initializing ProtocolHandler ["http-nio-8085"]
2025-03-08 15:04:32 [main] INFO  o.a.catalina.core.StandardService - Starting service [Tomcat]
2025-03-08 15:04:32 [main] INFO  o.a.catalina.core.StandardEngine - Starting Servlet engine: [Apache Tomcat/10.1.36]
2025-03-08 15:04:32 [main] INFO  o.a.c.c.C.[Tomcat].[localhost].[/] - Initializing Spring embedded WebApplicationContext
2025-03-08 15:04:32 [main] INFO  o.s.b.w.s.c.ServletWebServerApplicationContext - Root WebApplicationContext: initialization completed in 1346 ms
2025-03-08 15:04:32 [main] INFO  o.h.jpa.internal.util.LogHelper - HHH000204: Processing PersistenceUnitInfo [name: default]
2025-03-08 15:04:32 [main] INFO  org.hibernate.Version - HHH000412: Hibernate ORM core version 6.5.3.Final
2025-03-08 15:04:32 [main] INFO  o.h.c.i.RegionFactoryInitiator - HHH000026: Second-level cache disabled
2025-03-08 15:04:33 [main] INFO  o.s.o.j.p.SpringPersistenceUnitInfo - No LoadTimeWeaver setup: ignoring JPA class transformer
2025-03-08 15:04:33 [main] INFO  com.zaxxer.hikari.HikariDataSource - HikariPool-1 - Starting...
2025-03-08 15:04:33 [main] INFO  com.zaxxer.hikari.pool.HikariPool - HikariPool-1 - Added connection org.postgresql.jdbc.PgConnection@1029cf9
2025-03-08 15:04:33 [main] INFO  com.zaxxer.hikari.HikariDataSource - HikariPool-1 - Start completed.
2025-03-08 15:04:33 [main] WARN  org.hibernate.orm.deprecation - HHH90000025: PostgreSQLDialect does not need to be specified explicitly using 'hibernate.dialect' (remove the property setting and it will be selected by default)
2025-03-08 15:04:34 [main] INFO  o.h.e.t.j.p.i.JtaPlatformInitiator - HHH000489: No JTA platform available (set 'hibernate.transaction.jta.platform' to enable JTA platform integration)
2025-03-08 15:04:34 [main] INFO  o.s.o.j.LocalContainerEntityManagerFactoryBean - Initialized JPA EntityManagerFactory for persistence unit 'default'
2025-03-08 15:04:34 [main] WARN  o.s.b.a.o.j.JpaBaseConfiguration$JpaWebConfiguration - spring.jpa.open-in-view is enabled by default. Therefore, database queries may be performed during view rendering. Explicitly configure spring.jpa.open-in-view to disable this warning
2025-03-08 15:04:35 [main] INFO  o.a.coyote.http11.Http11NioProtocol - Starting ProtocolHandler ["http-nio-8085"]
2025-03-08 15:04:35 [main] INFO  o.s.b.w.e.tomcat.TomcatWebServer - Tomcat started on port 8085 (http) with context path '/'
2025-03-08 15:04:35 [main] INFO  c.m.assessment.AssessmentApplication - Started AssessmentApplication in 4.969 seconds (process running for 5.565)
2025-03-08 15:05:06 [http-nio-8085-exec-1] INFO  o.a.c.c.C.[Tomcat].[localhost].[/] - Initializing Spring DispatcherServlet 'dispatcherServlet'
2025-03-08 15:05:06 [http-nio-8085-exec-1] INFO  o.s.web.servlet.DispatcherServlet - Initializing Servlet 'dispatcherServlet'
2025-03-08 15:05:06 [http-nio-8085-exec-1] INFO  o.s.web.servlet.DispatcherServlet - Completed initialization in 1 ms
2025-03-08 15:05:06 [http-nio-8085-exec-1] INFO  c.m.a.c.AssessmentController - /api/assessment/createAction : [a0076345-3e27-4fdd-b818-0d29baabf494] | REQUEST : {"searchBean":{"parameterBean":{}},"bean":{"email":"jane.smith@example.com","address":"No 1, Jalan 19 Desa Amanpuri, Kepong","city":"W.P. Kuala Lumpur","postcode":"52100","stateId":14,"status":"A"}}
2025-03-08 15:05:06 [http-nio-8085-exec-1] INFO  c.m.a.c.AssessmentController - /api/assessment/createAction : [a0076345-3e27-4fdd-b818-0d29baabf494] | RESPONSE : {"responseCode":"00","responseMessage":"Success","responseData":{"searchBean":{"parameterBean":{}},"bean":{"id":37,"email":"jane.smith@example.com","name":"Jane Smith","age":25,"address":"No 1, Jalan 19 Desa Amanpuri, Kepong","city":"W.P. Kuala Lumpur","postcode":"52100","stateId":14,"status":"A","createdDt":"2025-03-08T15:05:06.890034"}}}
2025-03-08 15:05:18 [http-nio-8085-exec-3] INFO  c.m.a.c.AssessmentController - /api/assessment/updateAction/37 : [34d94c66-d3f6-4293-99d3-11272ecd9ad3] | REQUEST : {"address":"No 64, Jalan 50 Desa Amandaya, Kepong","city":"Kuala Lumpur","postcode":"52101","stateId":14,"status":"A"}
2025-03-08 15:05:18 [http-nio-8085-exec-3] INFO  c.m.a.c.AssessmentController - /api/assessment/updateAction/37 : [34d94c66-d3f6-4293-99d3-11272ecd9ad3] | RESPONSE : {"responseCode":"00","responseMessage":"Success","responseData":{"searchBean":{"parameterBean":{}},"bean":{"id":37,"email":"jane.smith@example.com","name":"Jane Smith","age":25,"address":"No 64, Jalan 50 Desa Amandaya, Kepong","city":"Kuala Lumpur","postcode":"52101","stateId":14,"status":"A","createdDt":"2025-03-08T15:05:06.890034","modifiedDt":"2025-03-08T15:05:18.685980"}}}
2025-03-08 15:05:25 [http-nio-8085-exec-4] INFO  c.m.a.c.AssessmentController - /api/assessment/retrieveAction/37 : [3a1f43cc-6527-45be-ae94-1d7fb7c8eddb] | REQUEST : 37
2025-03-08 15:05:25 [http-nio-8085-exec-4] INFO  c.m.a.c.AssessmentController - /api/assessment/retrieveAction/37 : [3a1f43cc-6527-45be-ae94-1d7fb7c8eddb] | RESPONSE : {"responseCode":"00","responseMessage":"Success","responseData":{"searchBean":{"parameterBean":{}},"bean":{"id":37,"email":"jane.smith@example.com","name":"Jane Smith","age":25,"address":"No 64, Jalan 50 Desa Amandaya, Kepong","city":"Kuala Lumpur","postcode":"52101","stateId":14,"status":"A","createdDt":"2025-03-08T15:05:06.890034","modifiedDt":"2025-03-08T15:05:18.685980"}}}
2025-03-08 15:05:39 [http-nio-8085-exec-5] INFO  c.m.a.c.AssessmentController - /api/assessment/searchAction : [6b94f634-d27a-4c01-8318-d2eaa3bcf5ad] | REQUEST : {"searchBean":{"parameterBean":{"email":"example.com","name":"emily","age":28},"pageNumber":0,"rowPerPage":10},"bean":{}}
2025-03-08 15:05:39 [http-nio-8085-exec-5] INFO  c.m.a.c.AssessmentController - /api/assessment/searchAction : [6b94f634-d27a-4c01-8318-d2eaa3bcf5ad] | RESPONSE : {"responseCode":"00","responseMessage":"Success","responseData":{"searchBean":{"parameterBean":{}},"bean":{},"searchResults":[{"id":36,"email":"emily.watson@example.com","name":"Emily Watson","age":28,"address":"No 64, Jalan 50 Desa Amandaya, Kepong","city":"Kuala Lumpur","postcode":"52101","stateId":14,"status":"A","createdDt":"2025-03-08T14:46:51.412674","modifiedDt":"2025-03-08T14:49:01.396737"}],"totalCount":1}}
2025-03-08 15:05:44 [http-nio-8085-exec-6] INFO  c.m.a.c.AssessmentController - /api/assessment/searchAction : [625c276f-0c39-4e46-853f-58316ca8afb3] | REQUEST : {"searchBean":{"parameterBean":{"email":"example.com"},"pageNumber":0,"rowPerPage":10},"bean":{}}
2025-03-08 15:05:44 [http-nio-8085-exec-6] INFO  c.m.a.c.AssessmentController - /api/assessment/searchAction : [625c276f-0c39-4e46-853f-58316ca8afb3] | RESPONSE : {"responseCode":"00","responseMessage":"Success","responseData":{"searchBean":{"parameterBean":{}},"bean":{},"searchResults":[{"id":36,"email":"emily.watson@example.com","name":"Emily Watson","age":28,"address":"No 64, Jalan 50 Desa Amandaya, Kepong","city":"Kuala Lumpur","postcode":"52101","stateId":14,"status":"A","createdDt":"2025-03-08T14:46:51.412674","modifiedDt":"2025-03-08T14:49:01.396737"},{"id":37,"email":"jane.smith@example.com","name":"Jane Smith","age":25,"address":"No 64, Jalan 50 Desa Amandaya, Kepong","city":"Kuala Lumpur","postcode":"52101","stateId":14,"status":"A","createdDt":"2025-03-08T15:05:06.890034","modifiedDt":"2025-03-08T15:05:18.685980"}],"totalCount":2}}
2025-03-08 15:08:42 [RMI TCP Connection(12)-127.0.0.1] INFO  o.s.b.a.SpringApplicationAdminMXBeanRegistrar$SpringApplicationAdmin - Application shutdown requested.
2025-03-08 15:08:42 [RMI TCP Connection(12)-127.0.0.1] INFO  o.a.coyote.http11.Http11NioProtocol - Stopping ProtocolHandler ["http-nio-8085"]
2025-03-08 15:08:42 [RMI TCP Connection(12)-127.0.0.1] INFO  o.s.o.j.LocalContainerEntityManagerFactoryBean - Closing JPA EntityManagerFactory for persistence unit 'default'
2025-03-08 15:08:42 [RMI TCP Connection(12)-127.0.0.1] INFO  com.zaxxer.hikari.HikariDataSource - HikariPool-1 - Shutdown initiated...
2025-03-08 15:08:42 [RMI TCP Connection(12)-127.0.0.1] INFO  com.zaxxer.hikari.HikariDataSource - HikariPool-1 - Shutdown completed.
