2025-03-08 14:29:47 [main] INFO  com.thirdparty.user.UserApplication - Starting UserApplication using Java 17.0.9 with PID 329640 (D:\Documents\GitHub\MBJavaAssessment\ThirdPartyUser\bin\main started by Vapor-15 Pro in D:\Documents\GitHub\MBJavaAssessment\ThirdPartyUser)
2025-03-08 14:29:47 [main] INFO  com.thirdparty.user.UserApplication - No active profile set, falling back to 1 default profile: "default"
2025-03-08 14:29:47 [main] INFO  o.s.d.r.c.RepositoryConfigurationDelegate - Bootstrapping Spring Data JPA repositories in DEFAULT mode.
2025-03-08 14:29:47 [main] INFO  o.s.d.r.c.RepositoryConfigurationDelegate - Finished Spring Data repository scanning in 54 ms. Found 1 JPA repository interface.
2025-03-08 14:29:47 [main] INFO  o.s.cloud.context.scope.GenericScope - BeanFactory id=ad30b5ef-df99-33dc-8ae6-4642e38401f1
2025-03-08 14:29:48 [main] INFO  o.s.b.w.e.tomcat.TomcatWebServer - Tomcat initialized with port 8086 (http)
2025-03-08 14:29:48 [main] INFO  o.a.coyote.http11.Http11NioProtocol - Initializing ProtocolHandler ["http-nio-8086"]
2025-03-08 14:29:48 [main] INFO  o.a.catalina.core.StandardService - Starting service [Tomcat]
2025-03-08 14:29:48 [main] INFO  o.a.catalina.core.StandardEngine - Starting Servlet engine: [Apache Tomcat/10.1.36]
2025-03-08 14:29:48 [main] INFO  o.a.c.c.C.[Tomcat].[localhost].[/] - Initializing Spring embedded WebApplicationContext
2025-03-08 14:29:48 [main] INFO  o.s.b.w.s.c.ServletWebServerApplicationContext - Root WebApplicationContext: initialization completed in 1146 ms
2025-03-08 14:29:48 [main] INFO  o.h.jpa.internal.util.LogHelper - HHH000204: Processing PersistenceUnitInfo [name: default]
2025-03-08 14:29:48 [main] INFO  org.hibernate.Version - HHH000412: Hibernate ORM core version 6.5.3.Final
2025-03-08 14:29:48 [main] INFO  o.h.c.i.RegionFactoryInitiator - HHH000026: Second-level cache disabled
2025-03-08 14:29:48 [main] INFO  o.s.o.j.p.SpringPersistenceUnitInfo - No LoadTimeWeaver setup: ignoring JPA class transformer
2025-03-08 14:29:48 [main] INFO  com.zaxxer.hikari.HikariDataSource - HikariPool-1 - Starting...
2025-03-08 14:29:49 [main] INFO  com.zaxxer.hikari.pool.HikariPool - HikariPool-1 - Added connection org.postgresql.jdbc.PgConnection@18811c42
2025-03-08 14:29:49 [main] INFO  com.zaxxer.hikari.HikariDataSource - HikariPool-1 - Start completed.
2025-03-08 14:29:49 [main] WARN  org.hibernate.orm.deprecation - HHH90000025: PostgreSQLDialect does not need to be specified explicitly using 'hibernate.dialect' (remove the property setting and it will be selected by default)
2025-03-08 14:29:49 [main] INFO  o.h.e.t.j.p.i.JtaPlatformInitiator - HHH000489: No JTA platform available (set 'hibernate.transaction.jta.platform' to enable JTA platform integration)
2025-03-08 14:29:49 [main] INFO  o.s.o.j.LocalContainerEntityManagerFactoryBean - Initialized JPA EntityManagerFactory for persistence unit 'default'
2025-03-08 14:29:50 [main] WARN  o.s.b.a.o.j.JpaBaseConfiguration$JpaWebConfiguration - spring.jpa.open-in-view is enabled by default. Therefore, database queries may be performed during view rendering. Explicitly configure spring.jpa.open-in-view to disable this warning
2025-03-08 14:29:50 [main] INFO  o.a.coyote.http11.Http11NioProtocol - Starting ProtocolHandler ["http-nio-8086"]
2025-03-08 14:29:50 [main] INFO  o.s.b.w.e.tomcat.TomcatWebServer - Tomcat started on port 8086 (http) with context path '/'
2025-03-08 14:29:51 [main] INFO  com.thirdparty.user.UserApplication - Started UserApplication in 4.611 seconds (process running for 5.278)
2025-03-08 14:30:15 [RMI TCP Connection(8)-127.0.0.1] INFO  o.s.b.a.SpringApplicationAdminMXBeanRegistrar$SpringApplicationAdmin - Application shutdown requested.
2025-03-08 14:30:15 [RMI TCP Connection(8)-127.0.0.1] INFO  o.a.coyote.http11.Http11NioProtocol - Stopping ProtocolHandler ["http-nio-8086"]
2025-03-08 14:30:16 [RMI TCP Connection(8)-127.0.0.1] INFO  o.s.o.j.LocalContainerEntityManagerFactoryBean - Closing JPA EntityManagerFactory for persistence unit 'default'
2025-03-08 14:30:16 [RMI TCP Connection(8)-127.0.0.1] INFO  com.zaxxer.hikari.HikariDataSource - HikariPool-1 - Shutdown initiated...
2025-03-08 14:30:16 [RMI TCP Connection(8)-127.0.0.1] INFO  com.zaxxer.hikari.HikariDataSource - HikariPool-1 - Shutdown completed.
2025-03-08 14:30:47 [main] INFO  com.thirdparty.user.UserApplication - Starting UserApplication using Java 17.0.9 with PID 336224 (D:\Documents\GitHub\MBJavaAssessment\ThirdPartyUser\bin\main started by Vapor-15 Pro in D:\Documents\GitHub\MBJavaAssessment\ThirdPartyUser)
2025-03-08 14:30:47 [main] INFO  com.thirdparty.user.UserApplication - No active profile set, falling back to 1 default profile: "default"
2025-03-08 14:30:48 [main] INFO  o.s.d.r.c.RepositoryConfigurationDelegate - Bootstrapping Spring Data JPA repositories in DEFAULT mode.
2025-03-08 14:30:48 [main] INFO  o.s.d.r.c.RepositoryConfigurationDelegate - Finished Spring Data repository scanning in 59 ms. Found 1 JPA repository interface.
2025-03-08 14:30:48 [main] INFO  o.s.cloud.context.scope.GenericScope - BeanFactory id=ad30b5ef-df99-33dc-8ae6-4642e38401f1
2025-03-08 14:30:48 [main] INFO  o.s.b.w.e.tomcat.TomcatWebServer - Tomcat initialized with port 8086 (http)
2025-03-08 14:30:48 [main] INFO  o.a.coyote.http11.Http11NioProtocol - Initializing ProtocolHandler ["http-nio-8086"]
2025-03-08 14:30:48 [main] INFO  o.a.catalina.core.StandardService - Starting service [Tomcat]
2025-03-08 14:30:48 [main] INFO  o.a.catalina.core.StandardEngine - Starting Servlet engine: [Apache Tomcat/10.1.36]
2025-03-08 14:30:48 [main] INFO  o.a.c.c.C.[Tomcat].[localhost].[/] - Initializing Spring embedded WebApplicationContext
2025-03-08 14:30:48 [main] INFO  o.s.b.w.s.c.ServletWebServerApplicationContext - Root WebApplicationContext: initialization completed in 1162 ms
2025-03-08 14:30:48 [main] INFO  o.h.jpa.internal.util.LogHelper - HHH000204: Processing PersistenceUnitInfo [name: default]
2025-03-08 14:30:48 [main] INFO  org.hibernate.Version - HHH000412: Hibernate ORM core version 6.5.3.Final
2025-03-08 14:30:48 [main] INFO  o.h.c.i.RegionFactoryInitiator - HHH000026: Second-level cache disabled
2025-03-08 14:30:49 [main] INFO  o.s.o.j.p.SpringPersistenceUnitInfo - No LoadTimeWeaver setup: ignoring JPA class transformer
2025-03-08 14:30:49 [main] INFO  com.zaxxer.hikari.HikariDataSource - HikariPool-1 - Starting...
2025-03-08 14:30:49 [main] INFO  com.zaxxer.hikari.pool.HikariPool - HikariPool-1 - Added connection org.postgresql.jdbc.PgConnection@3fe8ad3f
2025-03-08 14:30:49 [main] INFO  com.zaxxer.hikari.HikariDataSource - HikariPool-1 - Start completed.
2025-03-08 14:30:49 [main] WARN  org.hibernate.orm.deprecation - HHH90000025: PostgreSQLDialect does not need to be specified explicitly using 'hibernate.dialect' (remove the property setting and it will be selected by default)
2025-03-08 14:30:50 [main] INFO  o.h.e.t.j.p.i.JtaPlatformInitiator - HHH000489: No JTA platform available (set 'hibernate.transaction.jta.platform' to enable JTA platform integration)
2025-03-08 14:30:50 [main] INFO  o.s.o.j.LocalContainerEntityManagerFactoryBean - Initialized JPA EntityManagerFactory for persistence unit 'default'
2025-03-08 14:30:50 [main] WARN  o.s.b.a.o.j.JpaBaseConfiguration$JpaWebConfiguration - spring.jpa.open-in-view is enabled by default. Therefore, database queries may be performed during view rendering. Explicitly configure spring.jpa.open-in-view to disable this warning
2025-03-08 14:30:51 [main] INFO  o.a.coyote.http11.Http11NioProtocol - Starting ProtocolHandler ["http-nio-8086"]
2025-03-08 14:30:51 [main] INFO  o.s.b.w.e.tomcat.TomcatWebServer - Tomcat started on port 8086 (http) with context path '/'
2025-03-08 14:30:51 [main] INFO  com.thirdparty.user.UserApplication - Started UserApplication in 4.471 seconds (process running for 5.107)
2025-03-08 14:32:38 [RMI TCP Connection(9)-127.0.0.1] INFO  o.s.b.a.SpringApplicationAdminMXBeanRegistrar$SpringApplicationAdmin - Application shutdown requested.
2025-03-08 14:32:38 [RMI TCP Connection(9)-127.0.0.1] INFO  o.a.coyote.http11.Http11NioProtocol - Stopping ProtocolHandler ["http-nio-8086"]
2025-03-08 14:32:39 [RMI TCP Connection(9)-127.0.0.1] INFO  o.s.o.j.LocalContainerEntityManagerFactoryBean - Closing JPA EntityManagerFactory for persistence unit 'default'
2025-03-08 14:32:39 [RMI TCP Connection(9)-127.0.0.1] INFO  com.zaxxer.hikari.HikariDataSource - HikariPool-1 - Shutdown initiated...
2025-03-08 14:32:39 [RMI TCP Connection(9)-127.0.0.1] INFO  com.zaxxer.hikari.HikariDataSource - HikariPool-1 - Shutdown completed.
2025-03-08 14:32:57 [main] INFO  com.thirdparty.user.UserApplication - Starting UserApplication using Java 17.0.9 with PID 336488 (D:\Documents\GitHub\MBJavaAssessment\ThirdPartyUser\bin\main started by Vapor-15 Pro in D:\Documents\GitHub\MBJavaAssessment\ThirdPartyUser)
2025-03-08 14:32:57 [main] INFO  com.thirdparty.user.UserApplication - No active profile set, falling back to 1 default profile: "default"
2025-03-08 14:32:57 [main] INFO  o.s.d.r.c.RepositoryConfigurationDelegate - Bootstrapping Spring Data JPA repositories in DEFAULT mode.
2025-03-08 14:32:58 [main] INFO  o.s.d.r.c.RepositoryConfigurationDelegate - Finished Spring Data repository scanning in 61 ms. Found 1 JPA repository interface.
2025-03-08 14:32:58 [main] INFO  o.s.cloud.context.scope.GenericScope - BeanFactory id=ad30b5ef-df99-33dc-8ae6-4642e38401f1
2025-03-08 14:32:58 [main] INFO  o.s.b.w.e.tomcat.TomcatWebServer - Tomcat initialized with port 8086 (http)
2025-03-08 14:32:58 [main] INFO  o.a.coyote.http11.Http11NioProtocol - Initializing ProtocolHandler ["http-nio-8086"]
2025-03-08 14:32:58 [main] INFO  o.a.catalina.core.StandardService - Starting service [Tomcat]
2025-03-08 14:32:58 [main] INFO  o.a.catalina.core.StandardEngine - Starting Servlet engine: [Apache Tomcat/10.1.36]
2025-03-08 14:32:58 [main] INFO  o.a.c.c.C.[Tomcat].[localhost].[/] - Initializing Spring embedded WebApplicationContext
2025-03-08 14:32:58 [main] INFO  o.s.b.w.s.c.ServletWebServerApplicationContext - Root WebApplicationContext: initialization completed in 1334 ms
2025-03-08 14:32:58 [main] INFO  com.zaxxer.hikari.HikariDataSource - HikariPool-1 - Starting...
2025-03-08 14:32:58 [main] INFO  com.zaxxer.hikari.pool.HikariPool - HikariPool-1 - Added connection org.postgresql.jdbc.PgConnection@61394494
2025-03-08 14:32:58 [main] INFO  com.zaxxer.hikari.HikariDataSource - HikariPool-1 - Start completed.
2025-03-08 14:32:59 [main] INFO  o.h.jpa.internal.util.LogHelper - HHH000204: Processing PersistenceUnitInfo [name: default]
2025-03-08 14:32:59 [main] INFO  org.hibernate.Version - HHH000412: Hibernate ORM core version 6.5.3.Final
2025-03-08 14:32:59 [main] INFO  o.h.c.i.RegionFactoryInitiator - HHH000026: Second-level cache disabled
2025-03-08 14:32:59 [main] INFO  o.s.o.j.p.SpringPersistenceUnitInfo - No LoadTimeWeaver setup: ignoring JPA class transformer
2025-03-08 14:32:59 [main] WARN  org.hibernate.orm.deprecation - HHH90000025: PostgreSQLDialect does not need to be specified explicitly using 'hibernate.dialect' (remove the property setting and it will be selected by default)
2025-03-08 14:33:00 [main] INFO  o.h.e.t.j.p.i.JtaPlatformInitiator - HHH000489: No JTA platform available (set 'hibernate.transaction.jta.platform' to enable JTA platform integration)
2025-03-08 14:33:00 [main] INFO  o.s.o.j.LocalContainerEntityManagerFactoryBean - Initialized JPA EntityManagerFactory for persistence unit 'default'
2025-03-08 14:33:00 [main] WARN  o.s.b.a.o.j.JpaBaseConfiguration$JpaWebConfiguration - spring.jpa.open-in-view is enabled by default. Therefore, database queries may be performed during view rendering. Explicitly configure spring.jpa.open-in-view to disable this warning
2025-03-08 14:33:01 [main] INFO  o.a.coyote.http11.Http11NioProtocol - Starting ProtocolHandler ["http-nio-8086"]
2025-03-08 14:33:01 [main] INFO  o.s.b.w.e.tomcat.TomcatWebServer - Tomcat started on port 8086 (http) with context path '/'
2025-03-08 14:33:01 [main] INFO  com.thirdparty.user.UserApplication - Started UserApplication in 4.714 seconds (process running for 5.306)
2025-03-08 14:33:14 [RMI TCP Connection(7)-127.0.0.1] INFO  o.s.b.a.SpringApplicationAdminMXBeanRegistrar$SpringApplicationAdmin - Application shutdown requested.
2025-03-08 14:33:14 [RMI TCP Connection(7)-127.0.0.1] INFO  o.a.coyote.http11.Http11NioProtocol - Stopping ProtocolHandler ["http-nio-8086"]
2025-03-08 14:33:15 [RMI TCP Connection(7)-127.0.0.1] INFO  o.s.o.j.LocalContainerEntityManagerFactoryBean - Closing JPA EntityManagerFactory for persistence unit 'default'
2025-03-08 14:33:15 [RMI TCP Connection(7)-127.0.0.1] INFO  com.zaxxer.hikari.HikariDataSource - HikariPool-1 - Shutdown initiated...
2025-03-08 14:33:15 [RMI TCP Connection(7)-127.0.0.1] INFO  com.zaxxer.hikari.HikariDataSource - HikariPool-1 - Shutdown completed.
2025-03-08 14:33:22 [main] INFO  com.thirdparty.user.UserApplication - Starting UserApplication using Java 17.0.9 with PID 338976 (D:\Documents\GitHub\MBJavaAssessment\ThirdPartyUser\bin\main started by Vapor-15 Pro in D:\Documents\GitHub\MBJavaAssessment\ThirdPartyUser)
2025-03-08 14:33:22 [main] INFO  com.thirdparty.user.UserApplication - No active profile set, falling back to 1 default profile: "default"
2025-03-08 14:33:22 [main] INFO  o.s.d.r.c.RepositoryConfigurationDelegate - Bootstrapping Spring Data JPA repositories in DEFAULT mode.
2025-03-08 14:33:22 [main] INFO  o.s.d.r.c.RepositoryConfigurationDelegate - Finished Spring Data repository scanning in 56 ms. Found 1 JPA repository interface.
2025-03-08 14:33:22 [main] INFO  o.s.cloud.context.scope.GenericScope - BeanFactory id=ad30b5ef-df99-33dc-8ae6-4642e38401f1
2025-03-08 14:33:23 [main] INFO  o.s.b.w.e.tomcat.TomcatWebServer - Tomcat initialized with port 8086 (http)
2025-03-08 14:33:23 [main] INFO  o.a.coyote.http11.Http11NioProtocol - Initializing ProtocolHandler ["http-nio-8086"]
2025-03-08 14:33:23 [main] INFO  o.a.catalina.core.StandardService - Starting service [Tomcat]
2025-03-08 14:33:23 [main] INFO  o.a.catalina.core.StandardEngine - Starting Servlet engine: [Apache Tomcat/10.1.36]
2025-03-08 14:33:23 [main] INFO  o.a.c.c.C.[Tomcat].[localhost].[/] - Initializing Spring embedded WebApplicationContext
2025-03-08 14:33:23 [main] INFO  o.s.b.w.s.c.ServletWebServerApplicationContext - Root WebApplicationContext: initialization completed in 1233 ms
2025-03-08 14:33:23 [main] INFO  com.zaxxer.hikari.HikariDataSource - HikariPool-1 - Starting...
2025-03-08 14:33:23 [main] INFO  com.zaxxer.hikari.pool.HikariPool - HikariPool-1 - Added connection org.postgresql.jdbc.PgConnection@5cfed0ba
2025-03-08 14:33:23 [main] INFO  com.zaxxer.hikari.HikariDataSource - HikariPool-1 - Start completed.
2025-03-08 14:33:23 [main] INFO  o.h.jpa.internal.util.LogHelper - HHH000204: Processing PersistenceUnitInfo [name: default]
2025-03-08 14:33:23 [main] INFO  org.hibernate.Version - HHH000412: Hibernate ORM core version 6.5.3.Final
2025-03-08 14:33:23 [main] INFO  o.h.c.i.RegionFactoryInitiator - HHH000026: Second-level cache disabled
2025-03-08 14:33:24 [main] INFO  o.s.o.j.p.SpringPersistenceUnitInfo - No LoadTimeWeaver setup: ignoring JPA class transformer
2025-03-08 14:33:24 [main] WARN  org.hibernate.orm.deprecation - HHH90000025: PostgreSQLDialect does not need to be specified explicitly using 'hibernate.dialect' (remove the property setting and it will be selected by default)
2025-03-08 14:33:24 [main] INFO  o.h.e.t.j.p.i.JtaPlatformInitiator - HHH000489: No JTA platform available (set 'hibernate.transaction.jta.platform' to enable JTA platform integration)
2025-03-08 14:33:24 [main] INFO  o.s.o.j.LocalContainerEntityManagerFactoryBean - Initialized JPA EntityManagerFactory for persistence unit 'default'
2025-03-08 14:33:25 [main] WARN  o.s.b.a.o.j.JpaBaseConfiguration$JpaWebConfiguration - spring.jpa.open-in-view is enabled by default. Therefore, database queries may be performed during view rendering. Explicitly configure spring.jpa.open-in-view to disable this warning
2025-03-08 14:33:25 [main] INFO  o.a.coyote.http11.Http11NioProtocol - Starting ProtocolHandler ["http-nio-8086"]
2025-03-08 14:33:25 [main] INFO  o.s.b.w.e.tomcat.TomcatWebServer - Tomcat started on port 8086 (http) with context path '/'
2025-03-08 14:33:25 [main] INFO  com.thirdparty.user.UserApplication - Started UserApplication in 4.591 seconds (process running for 5.25)
2025-03-08 14:36:20 [RMI TCP Connection(11)-127.0.0.1] INFO  o.s.b.a.SpringApplicationAdminMXBeanRegistrar$SpringApplicationAdmin - Application shutdown requested.
2025-03-08 14:36:20 [RMI TCP Connection(11)-127.0.0.1] INFO  o.a.coyote.http11.Http11NioProtocol - Stopping ProtocolHandler ["http-nio-8086"]
2025-03-08 14:36:20 [RMI TCP Connection(11)-127.0.0.1] INFO  o.s.o.j.LocalContainerEntityManagerFactoryBean - Closing JPA EntityManagerFactory for persistence unit 'default'
2025-03-08 14:36:20 [RMI TCP Connection(11)-127.0.0.1] INFO  com.zaxxer.hikari.HikariDataSource - HikariPool-1 - Shutdown initiated...
2025-03-08 14:36:20 [RMI TCP Connection(11)-127.0.0.1] INFO  com.zaxxer.hikari.HikariDataSource - HikariPool-1 - Shutdown completed.
2025-03-08 14:36:24 [main] INFO  com.thirdparty.user.UserApplication - Starting UserApplication using Java 17.0.9 with PID 19048 (D:\Documents\GitHub\MBJavaAssessment\ThirdPartyUser\bin\main started by Vapor-15 Pro in D:\Documents\GitHub\MBJavaAssessment\ThirdPartyUser)
2025-03-08 14:36:24 [main] INFO  com.thirdparty.user.UserApplication - No active profile set, falling back to 1 default profile: "default"
2025-03-08 14:36:25 [main] INFO  o.s.d.r.c.RepositoryConfigurationDelegate - Bootstrapping Spring Data JPA repositories in DEFAULT mode.
2025-03-08 14:36:25 [main] INFO  o.s.d.r.c.RepositoryConfigurationDelegate - Finished Spring Data repository scanning in 59 ms. Found 1 JPA repository interface.
2025-03-08 14:36:25 [main] INFO  o.s.cloud.context.scope.GenericScope - BeanFactory id=ad30b5ef-df99-33dc-8ae6-4642e38401f1
2025-03-08 14:36:25 [main] INFO  o.s.b.w.e.tomcat.TomcatWebServer - Tomcat initialized with port 8086 (http)
2025-03-08 14:36:25 [main] INFO  o.a.coyote.http11.Http11NioProtocol - Initializing ProtocolHandler ["http-nio-8086"]
2025-03-08 14:36:25 [main] INFO  o.a.catalina.core.StandardService - Starting service [Tomcat]
2025-03-08 14:36:25 [main] INFO  o.a.catalina.core.StandardEngine - Starting Servlet engine: [Apache Tomcat/10.1.36]
2025-03-08 14:36:26 [main] INFO  o.a.c.c.C.[Tomcat].[localhost].[/] - Initializing Spring embedded WebApplicationContext
2025-03-08 14:36:26 [main] INFO  o.s.b.w.s.c.ServletWebServerApplicationContext - Root WebApplicationContext: initialization completed in 1187 ms
2025-03-08 14:36:26 [main] INFO  com.zaxxer.hikari.HikariDataSource - HikariPool-1 - Starting...
2025-03-08 14:36:26 [main] INFO  com.zaxxer.hikari.pool.HikariPool - HikariPool-1 - Added connection org.postgresql.jdbc.PgConnection@6a09484c
2025-03-08 14:36:26 [main] INFO  com.zaxxer.hikari.HikariDataSource - HikariPool-1 - Start completed.
2025-03-08 14:36:26 [main] INFO  o.h.jpa.internal.util.LogHelper - HHH000204: Processing PersistenceUnitInfo [name: default]
2025-03-08 14:36:26 [main] INFO  org.hibernate.Version - HHH000412: Hibernate ORM core version 6.5.3.Final
2025-03-08 14:36:26 [main] INFO  o.h.c.i.RegionFactoryInitiator - HHH000026: Second-level cache disabled
2025-03-08 14:36:26 [main] INFO  o.s.o.j.p.SpringPersistenceUnitInfo - No LoadTimeWeaver setup: ignoring JPA class transformer
2025-03-08 14:36:26 [main] WARN  org.hibernate.orm.deprecation - HHH90000025: PostgreSQLDialect does not need to be specified explicitly using 'hibernate.dialect' (remove the property setting and it will be selected by default)
2025-03-08 14:36:27 [main] INFO  o.h.e.t.j.p.i.JtaPlatformInitiator - HHH000489: No JTA platform available (set 'hibernate.transaction.jta.platform' to enable JTA platform integration)
2025-03-08 14:36:27 [main] INFO  o.s.o.j.LocalContainerEntityManagerFactoryBean - Initialized JPA EntityManagerFactory for persistence unit 'default'
2025-03-08 14:36:27 [main] WARN  o.s.b.a.o.j.JpaBaseConfiguration$JpaWebConfiguration - spring.jpa.open-in-view is enabled by default. Therefore, database queries may be performed during view rendering. Explicitly configure spring.jpa.open-in-view to disable this warning
2025-03-08 14:36:28 [main] INFO  o.a.coyote.http11.Http11NioProtocol - Starting ProtocolHandler ["http-nio-8086"]
2025-03-08 14:36:28 [main] INFO  o.s.b.w.e.tomcat.TomcatWebServer - Tomcat started on port 8086 (http) with context path '/'
2025-03-08 14:36:28 [main] INFO  com.thirdparty.user.UserApplication - Started UserApplication in 4.514 seconds (process running for 5.142)
2025-03-08 14:36:34 [RMI TCP Connection(8)-127.0.0.1] INFO  o.s.b.a.SpringApplicationAdminMXBeanRegistrar$SpringApplicationAdmin - Application shutdown requested.
2025-03-08 14:36:34 [RMI TCP Connection(8)-127.0.0.1] INFO  o.a.coyote.http11.Http11NioProtocol - Stopping ProtocolHandler ["http-nio-8086"]
2025-03-08 14:36:35 [RMI TCP Connection(8)-127.0.0.1] INFO  o.s.o.j.LocalContainerEntityManagerFactoryBean - Closing JPA EntityManagerFactory for persistence unit 'default'
2025-03-08 14:36:35 [RMI TCP Connection(8)-127.0.0.1] INFO  com.zaxxer.hikari.HikariDataSource - HikariPool-1 - Shutdown initiated...
2025-03-08 14:36:35 [RMI TCP Connection(8)-127.0.0.1] INFO  com.zaxxer.hikari.HikariDataSource - HikariPool-1 - Shutdown completed.
2025-03-08 14:36:40 [main] INFO  com.thirdparty.user.UserApplication - Starting UserApplication using Java 17.0.9 with PID 18952 (D:\Documents\GitHub\MBJavaAssessment\ThirdPartyUser\bin\main started by Vapor-15 Pro in D:\Documents\GitHub\MBJavaAssessment\ThirdPartyUser)
2025-03-08 14:36:40 [main] INFO  com.thirdparty.user.UserApplication - No active profile set, falling back to 1 default profile: "default"
2025-03-08 14:36:41 [main] INFO  o.s.d.r.c.RepositoryConfigurationDelegate - Bootstrapping Spring Data JPA repositories in DEFAULT mode.
2025-03-08 14:36:41 [main] INFO  o.s.d.r.c.RepositoryConfigurationDelegate - Finished Spring Data repository scanning in 65 ms. Found 1 JPA repository interface.
2025-03-08 14:36:41 [main] INFO  o.s.cloud.context.scope.GenericScope - BeanFactory id=ad30b5ef-df99-33dc-8ae6-4642e38401f1
2025-03-08 14:36:41 [main] INFO  o.s.b.w.e.tomcat.TomcatWebServer - Tomcat initialized with port 8086 (http)
2025-03-08 14:36:41 [main] INFO  o.a.coyote.http11.Http11NioProtocol - Initializing ProtocolHandler ["http-nio-8086"]
2025-03-08 14:36:41 [main] INFO  o.a.catalina.core.StandardService - Starting service [Tomcat]
2025-03-08 14:36:41 [main] INFO  o.a.catalina.core.StandardEngine - Starting Servlet engine: [Apache Tomcat/10.1.36]
2025-03-08 14:36:41 [main] INFO  o.a.c.c.C.[Tomcat].[localhost].[/] - Initializing Spring embedded WebApplicationContext
2025-03-08 14:36:41 [main] INFO  o.s.b.w.s.c.ServletWebServerApplicationContext - Root WebApplicationContext: initialization completed in 1171 ms
2025-03-08 14:36:41 [main] INFO  com.zaxxer.hikari.HikariDataSource - HikariPool-1 - Starting...
2025-03-08 14:36:41 [main] INFO  com.zaxxer.hikari.pool.HikariPool - HikariPool-1 - Added connection org.postgresql.jdbc.PgConnection@6de7778f
2025-03-08 14:36:41 [main] INFO  com.zaxxer.hikari.HikariDataSource - HikariPool-1 - Start completed.
2025-03-08 14:36:41 [main] INFO  o.h.jpa.internal.util.LogHelper - HHH000204: Processing PersistenceUnitInfo [name: default]
2025-03-08 14:36:42 [main] INFO  org.hibernate.Version - HHH000412: Hibernate ORM core version 6.5.3.Final
2025-03-08 14:36:42 [main] INFO  o.h.c.i.RegionFactoryInitiator - HHH000026: Second-level cache disabled
2025-03-08 14:36:42 [main] INFO  o.s.o.j.p.SpringPersistenceUnitInfo - No LoadTimeWeaver setup: ignoring JPA class transformer
2025-03-08 14:36:42 [main] WARN  org.hibernate.orm.deprecation - HHH90000025: PostgreSQLDialect does not need to be specified explicitly using 'hibernate.dialect' (remove the property setting and it will be selected by default)
2025-03-08 14:36:43 [main] INFO  o.h.e.t.j.p.i.JtaPlatformInitiator - HHH000489: No JTA platform available (set 'hibernate.transaction.jta.platform' to enable JTA platform integration)
2025-03-08 14:36:43 [main] INFO  o.s.o.j.LocalContainerEntityManagerFactoryBean - Initialized JPA EntityManagerFactory for persistence unit 'default'
2025-03-08 14:36:43 [main] WARN  o.s.b.a.o.j.JpaBaseConfiguration$JpaWebConfiguration - spring.jpa.open-in-view is enabled by default. Therefore, database queries may be performed during view rendering. Explicitly configure spring.jpa.open-in-view to disable this warning
2025-03-08 14:36:44 [main] INFO  o.a.coyote.http11.Http11NioProtocol - Starting ProtocolHandler ["http-nio-8086"]
2025-03-08 14:36:44 [main] INFO  o.s.b.w.e.tomcat.TomcatWebServer - Tomcat started on port 8086 (http) with context path '/'
2025-03-08 14:36:44 [main] INFO  com.thirdparty.user.UserApplication - Started UserApplication in 4.561 seconds (process running for 5.247)
2025-03-08 14:38:10 [RMI TCP Connection(10)-127.0.0.1] INFO  o.s.b.a.SpringApplicationAdminMXBeanRegistrar$SpringApplicationAdmin - Application shutdown requested.
2025-03-08 14:38:10 [RMI TCP Connection(10)-127.0.0.1] INFO  o.a.coyote.http11.Http11NioProtocol - Stopping ProtocolHandler ["http-nio-8086"]
2025-03-08 14:38:10 [RMI TCP Connection(10)-127.0.0.1] INFO  o.s.o.j.LocalContainerEntityManagerFactoryBean - Closing JPA EntityManagerFactory for persistence unit 'default'
2025-03-08 14:38:10 [RMI TCP Connection(10)-127.0.0.1] INFO  com.zaxxer.hikari.HikariDataSource - HikariPool-1 - Shutdown initiated...
2025-03-08 14:38:10 [RMI TCP Connection(10)-127.0.0.1] INFO  com.zaxxer.hikari.HikariDataSource - HikariPool-1 - Shutdown completed.
2025-03-08 14:38:22 [main] INFO  com.thirdparty.user.UserApplication - Starting UserApplication using Java 17.0.9 with PID 328892 (D:\Documents\GitHub\MBJavaAssessment\ThirdPartyUser\bin\main started by Vapor-15 Pro in D:\Documents\GitHub\MBJavaAssessment\ThirdPartyUser)
2025-03-08 14:38:22 [main] INFO  com.thirdparty.user.UserApplication - No active profile set, falling back to 1 default profile: "default"
2025-03-08 14:38:22 [main] INFO  o.s.d.r.c.RepositoryConfigurationDelegate - Bootstrapping Spring Data JPA repositories in DEFAULT mode.
2025-03-08 14:38:22 [main] INFO  o.s.d.r.c.RepositoryConfigurationDelegate - Finished Spring Data repository scanning in 52 ms. Found 1 JPA repository interface.
2025-03-08 14:38:23 [main] INFO  o.s.cloud.context.scope.GenericScope - BeanFactory id=ad30b5ef-df99-33dc-8ae6-4642e38401f1
2025-03-08 14:38:23 [main] INFO  o.s.b.w.e.tomcat.TomcatWebServer - Tomcat initialized with port 8086 (http)
2025-03-08 14:38:23 [main] INFO  o.a.coyote.http11.Http11NioProtocol - Initializing ProtocolHandler ["http-nio-8086"]
2025-03-08 14:38:23 [main] INFO  o.a.catalina.core.StandardService - Starting service [Tomcat]
2025-03-08 14:38:23 [main] INFO  o.a.catalina.core.StandardEngine - Starting Servlet engine: [Apache Tomcat/10.1.36]
2025-03-08 14:38:23 [main] INFO  o.a.c.c.C.[Tomcat].[localhost].[/] - Initializing Spring embedded WebApplicationContext
2025-03-08 14:38:23 [main] INFO  o.s.b.w.s.c.ServletWebServerApplicationContext - Root WebApplicationContext: initialization completed in 1158 ms
2025-03-08 14:38:23 [main] INFO  com.zaxxer.hikari.HikariDataSource - HikariPool-1 - Starting...
2025-03-08 14:38:23 [main] INFO  com.zaxxer.hikari.pool.HikariPool - HikariPool-1 - Added connection org.postgresql.jdbc.PgConnection@50ec4bfc
2025-03-08 14:38:23 [main] INFO  com.zaxxer.hikari.HikariDataSource - HikariPool-1 - Start completed.
2025-03-08 14:38:23 [main] WARN  o.s.b.w.s.c.AnnotationConfigServletWebServerApplicationContext - Exception encountered during context initialization - cancelling refresh attempt: org.springframework.beans.factory.BeanCreationException: Error creating bean with name 'entityManagerFactory' defined in class path resource [org/springframework/boot/autoconfigure/orm/jpa/HibernateJpaConfiguration.class]: Failed to initialize dependency 'dataSourceScriptDatabaseInitializer' of LoadTimeWeaverAware bean 'entityManagerFactory': Error creating bean with name 'dataSourceScriptDatabaseInitializer' defined in class path resource [org/springframework/boot/autoconfigure/sql/init/DataSourceInitializationConfiguration.class]: Failed to execute SQL script statement #1 of class path resource [sql/import.sql]: INSERT INTO thirdparty.user (email, name, age, status, created_dt, modified_dt) VALUES ('john.doe@example.com', 'John Doe', 30, 'A', '2024-01-01 10:15:00', '2024-01-02 12:00:00'), ('jane.smith@example.com', 'Jane Smith', 25, 'A', '2024-02-10 09:30:00', '2024-02-11 14:20:00'), ('alice.brown@example.com', 'Alice Brown', 35, 'I', '2024-03-05 08:45:00', '2024-03-06 10:10:00'), ('robert.jones@example.com', 'Robert Jones', 40, 'A', '2024-04-15 07:20:00', '2024-04-16 11:05:00'), ('emily.watson@example.com', 'Emily Watson', 28, 'A', '2024-05-22 15:00:00', '2024-05-23 16:30:00'), ('michael.clark@example.com', 'Michael Clark', 32, 'I', '2024-06-18 12:25:00', '2024-06-19 13:50:00'), ('sarah.lee@example.com', 'Sarah Lee', 27, 'A', '2024-07-03 14:10:00', '2024-07-04 09:40:00'), ('david.harris@example.com', 'David Harris', 45, 'A', '2024-08-10 10:00:00', '2024-08-11 15:00:00'), ('laura.evans@example.com', 'Laura Evans', 23, 'I', '2024-09-17 11:30:00', '2024-09-18 18:45:00'), ('william.white@example.com', 'William White', 38, 'A', '2024-10-21 08:15:00', '2024-10-22 17:30:00'), ('olivia.martin@example.com', 'Olivia Martin', 31, 'A', '2024-11-12 14:20:00', '2024-11-13 13:10:00'), ('daniel.thomas@example.com', 'Daniel Thomas', 29, 'I', '2024-12-01 10:30:00', '2024-12-02 11:45:00'), ('hannah.rogers@example.com', 'Hannah Rogers', 33, 'A', '2025-01-08 07:45:00', '2025-01-09 16:20:00'), ('jackson.carter@example.com', 'Jackson Carter', 26, 'A', '2025-02-14 09:50:00', '2025-02-15 12:30:00'), ('victoria.adams@example.com', 'Victoria Adams', 41, 'I', '2025-03-20 13:35:00', '2025-03-21 14:55:00'), ('ryan.scott@example.com', 'Ryan Scott', 22, 'A', '2025-04-25 08:00:00', '2025-04-26 09:25:00'), ('sophia.morris@example.com', 'Sophia Morris', 36, 'A', '2025-05-30 11:10:00', '2025-05-31 17:15:00'), ('ethan.lee@example.com', 'Ethan Lee', 34, 'I', '2025-06-18 07:20:00', '2025-06-19 08:40:00'), ('madison.taylor@example.com', 'Madison Taylor', 39, 'A', '2025-07-02 15:45:00', '2025-07-03 16:50:00'), ('benjamin.roberts@example.com', 'Benjamin Roberts', 24, 'A', '2025-08-19 10:00:00', '2025-08-20 11:30:00') ON CONFLICT (email) DO NOTHING
2025-03-08 14:38:23 [main] INFO  com.zaxxer.hikari.HikariDataSource - HikariPool-1 - Shutdown initiated...
2025-03-08 14:38:23 [main] INFO  com.zaxxer.hikari.HikariDataSource - HikariPool-1 - Shutdown completed.
2025-03-08 14:38:23 [main] INFO  o.a.catalina.core.StandardService - Stopping service [Tomcat]
2025-03-08 14:38:23 [main] INFO  o.s.b.a.l.ConditionEvaluationReportLogger - 

Error starting ApplicationContext. To display the condition evaluation report re-run your application with 'debug' enabled.
2025-03-08 14:38:23 [main] ERROR o.s.boot.SpringApplication - Application run failed
org.springframework.beans.factory.BeanCreationException: Error creating bean with name 'entityManagerFactory' defined in class path resource [org/springframework/boot/autoconfigure/orm/jpa/HibernateJpaConfiguration.class]: Failed to initialize dependency 'dataSourceScriptDatabaseInitializer' of LoadTimeWeaverAware bean 'entityManagerFactory': Error creating bean with name 'dataSourceScriptDatabaseInitializer' defined in class path resource [org/springframework/boot/autoconfigure/sql/init/DataSourceInitializationConfiguration.class]: Failed to execute SQL script statement #1 of class path resource [sql/import.sql]: INSERT INTO thirdparty.user (email, name, age, status, created_dt, modified_dt) VALUES ('john.doe@example.com', 'John Doe', 30, 'A', '2024-01-01 10:15:00', '2024-01-02 12:00:00'), ('jane.smith@example.com', 'Jane Smith', 25, 'A', '2024-02-10 09:30:00', '2024-02-11 14:20:00'), ('alice.brown@example.com', 'Alice Brown', 35, 'I', '2024-03-05 08:45:00', '2024-03-06 10:10:00'), ('robert.jones@example.com', 'Robert Jones', 40, 'A', '2024-04-15 07:20:00', '2024-04-16 11:05:00'), ('emily.watson@example.com', 'Emily Watson', 28, 'A', '2024-05-22 15:00:00', '2024-05-23 16:30:00'), ('michael.clark@example.com', 'Michael Clark', 32, 'I', '2024-06-18 12:25:00', '2024-06-19 13:50:00'), ('sarah.lee@example.com', 'Sarah Lee', 27, 'A', '2024-07-03 14:10:00', '2024-07-04 09:40:00'), ('david.harris@example.com', 'David Harris', 45, 'A', '2024-08-10 10:00:00', '2024-08-11 15:00:00'), ('laura.evans@example.com', 'Laura Evans', 23, 'I', '2024-09-17 11:30:00', '2024-09-18 18:45:00'), ('william.white@example.com', 'William White', 38, 'A', '2024-10-21 08:15:00', '2024-10-22 17:30:00'), ('olivia.martin@example.com', 'Olivia Martin', 31, 'A', '2024-11-12 14:20:00', '2024-11-13 13:10:00'), ('daniel.thomas@example.com', 'Daniel Thomas', 29, 'I', '2024-12-01 10:30:00', '2024-12-02 11:45:00'), ('hannah.rogers@example.com', 'Hannah Rogers', 33, 'A', '2025-01-08 07:45:00', '2025-01-09 16:20:00'), ('jackson.carter@example.com', 'Jackson Carter', 26, 'A', '2025-02-14 09:50:00', '2025-02-15 12:30:00'), ('victoria.adams@example.com', 'Victoria Adams', 41, 'I', '2025-03-20 13:35:00', '2025-03-21 14:55:00'), ('ryan.scott@example.com', 'Ryan Scott', 22, 'A', '2025-04-25 08:00:00', '2025-04-26 09:25:00'), ('sophia.morris@example.com', 'Sophia Morris', 36, 'A', '2025-05-30 11:10:00', '2025-05-31 17:15:00'), ('ethan.lee@example.com', 'Ethan Lee', 34, 'I', '2025-06-18 07:20:00', '2025-06-19 08:40:00'), ('madison.taylor@example.com', 'Madison Taylor', 39, 'A', '2025-07-02 15:45:00', '2025-07-03 16:50:00'), ('benjamin.roberts@example.com', 'Benjamin Roberts', 24, 'A', '2025-08-19 10:00:00', '2025-08-20 11:30:00') ON CONFLICT (email) DO NOTHING
	at org.springframework.beans.factory.support.AbstractBeanFactory.doGetBean(AbstractBeanFactory.java:326)
	at org.springframework.beans.factory.support.AbstractBeanFactory.getBean(AbstractBeanFactory.java:205)
	at org.springframework.context.support.AbstractApplicationContext.finishBeanFactoryInitialization(AbstractApplicationContext.java:954)
	at org.springframework.context.support.AbstractApplicationContext.refresh(AbstractApplicationContext.java:625)
	at org.springframework.boot.web.servlet.context.ServletWebServerApplicationContext.refresh(ServletWebServerApplicationContext.java:146)
	at org.springframework.boot.SpringApplication.refresh(SpringApplication.java:754)
	at org.springframework.boot.SpringApplication.refreshContext(SpringApplication.java:456)
	at org.springframework.boot.SpringApplication.run(SpringApplication.java:335)
	at org.springframework.boot.SpringApplication.run(SpringApplication.java:1363)
	at org.springframework.boot.SpringApplication.run(SpringApplication.java:1352)
	at com.thirdparty.user.UserApplication.main(UserApplication.java:10)
Caused by: org.springframework.beans.factory.BeanCreationException: Error creating bean with name 'dataSourceScriptDatabaseInitializer' defined in class path resource [org/springframework/boot/autoconfigure/sql/init/DataSourceInitializationConfiguration.class]: Failed to execute SQL script statement #1 of class path resource [sql/import.sql]: INSERT INTO thirdparty.user (email, name, age, status, created_dt, modified_dt) VALUES ('john.doe@example.com', 'John Doe', 30, 'A', '2024-01-01 10:15:00', '2024-01-02 12:00:00'), ('jane.smith@example.com', 'Jane Smith', 25, 'A', '2024-02-10 09:30:00', '2024-02-11 14:20:00'), ('alice.brown@example.com', 'Alice Brown', 35, 'I', '2024-03-05 08:45:00', '2024-03-06 10:10:00'), ('robert.jones@example.com', 'Robert Jones', 40, 'A', '2024-04-15 07:20:00', '2024-04-16 11:05:00'), ('emily.watson@example.com', 'Emily Watson', 28, 'A', '2024-05-22 15:00:00', '2024-05-23 16:30:00'), ('michael.clark@example.com', 'Michael Clark', 32, 'I', '2024-06-18 12:25:00', '2024-06-19 13:50:00'), ('sarah.lee@example.com', 'Sarah Lee', 27, 'A', '2024-07-03 14:10:00', '2024-07-04 09:40:00'), ('david.harris@example.com', 'David Harris', 45, 'A', '2024-08-10 10:00:00', '2024-08-11 15:00:00'), ('laura.evans@example.com', 'Laura Evans', 23, 'I', '2024-09-17 11:30:00', '2024-09-18 18:45:00'), ('william.white@example.com', 'William White', 38, 'A', '2024-10-21 08:15:00', '2024-10-22 17:30:00'), ('olivia.martin@example.com', 'Olivia Martin', 31, 'A', '2024-11-12 14:20:00', '2024-11-13 13:10:00'), ('daniel.thomas@example.com', 'Daniel Thomas', 29, 'I', '2024-12-01 10:30:00', '2024-12-02 11:45:00'), ('hannah.rogers@example.com', 'Hannah Rogers', 33, 'A', '2025-01-08 07:45:00', '2025-01-09 16:20:00'), ('jackson.carter@example.com', 'Jackson Carter', 26, 'A', '2025-02-14 09:50:00', '2025-02-15 12:30:00'), ('victoria.adams@example.com', 'Victoria Adams', 41, 'I', '2025-03-20 13:35:00', '2025-03-21 14:55:00'), ('ryan.scott@example.com', 'Ryan Scott', 22, 'A', '2025-04-25 08:00:00', '2025-04-26 09:25:00'), ('sophia.morris@example.com', 'Sophia Morris', 36, 'A', '2025-05-30 11:10:00', '2025-05-31 17:15:00'), ('ethan.lee@example.com', 'Ethan Lee', 34, 'I', '2025-06-18 07:20:00', '2025-06-19 08:40:00'), ('madison.taylor@example.com', 'Madison Taylor', 39, 'A', '2025-07-02 15:45:00', '2025-07-03 16:50:00'), ('benjamin.roberts@example.com', 'Benjamin Roberts', 24, 'A', '2025-08-19 10:00:00', '2025-08-20 11:30:00') ON CONFLICT (email) DO NOTHING
	at org.springframework.beans.factory.support.AbstractAutowireCapableBeanFactory.initializeBean(AbstractAutowireCapableBeanFactory.java:1806)
	at org.springframework.beans.factory.support.AbstractAutowireCapableBeanFactory.doCreateBean(AbstractAutowireCapableBeanFactory.java:600)
	at org.springframework.beans.factory.support.AbstractAutowireCapableBeanFactory.createBean(AbstractAutowireCapableBeanFactory.java:522)
	at org.springframework.beans.factory.support.AbstractBeanFactory.lambda$doGetBean$0(AbstractBeanFactory.java:337)
	at org.springframework.beans.factory.support.DefaultSingletonBeanRegistry.getSingleton(DefaultSingletonBeanRegistry.java:234)
	at org.springframework.beans.factory.support.AbstractBeanFactory.doGetBean(AbstractBeanFactory.java:335)
	at org.springframework.beans.factory.support.AbstractBeanFactory.getBean(AbstractBeanFactory.java:200)
	at org.springframework.beans.factory.support.AbstractBeanFactory.doGetBean(AbstractBeanFactory.java:313)
	... 10 common frames omitted
Caused by: org.springframework.jdbc.datasource.init.ScriptStatementFailedException: Failed to execute SQL script statement #1 of class path resource [sql/import.sql]: INSERT INTO thirdparty.user (email, name, age, status, created_dt, modified_dt) VALUES ('john.doe@example.com', 'John Doe', 30, 'A', '2024-01-01 10:15:00', '2024-01-02 12:00:00'), ('jane.smith@example.com', 'Jane Smith', 25, 'A', '2024-02-10 09:30:00', '2024-02-11 14:20:00'), ('alice.brown@example.com', 'Alice Brown', 35, 'I', '2024-03-05 08:45:00', '2024-03-06 10:10:00'), ('robert.jones@example.com', 'Robert Jones', 40, 'A', '2024-04-15 07:20:00', '2024-04-16 11:05:00'), ('emily.watson@example.com', 'Emily Watson', 28, 'A', '2024-05-22 15:00:00', '2024-05-23 16:30:00'), ('michael.clark@example.com', 'Michael Clark', 32, 'I', '2024-06-18 12:25:00', '2024-06-19 13:50:00'), ('sarah.lee@example.com', 'Sarah Lee', 27, 'A', '2024-07-03 14:10:00', '2024-07-04 09:40:00'), ('david.harris@example.com', 'David Harris', 45, 'A', '2024-08-10 10:00:00', '2024-08-11 15:00:00'), ('laura.evans@example.com', 'Laura Evans', 23, 'I', '2024-09-17 11:30:00', '2024-09-18 18:45:00'), ('william.white@example.com', 'William White', 38, 'A', '2024-10-21 08:15:00', '2024-10-22 17:30:00'), ('olivia.martin@example.com', 'Olivia Martin', 31, 'A', '2024-11-12 14:20:00', '2024-11-13 13:10:00'), ('daniel.thomas@example.com', 'Daniel Thomas', 29, 'I', '2024-12-01 10:30:00', '2024-12-02 11:45:00'), ('hannah.rogers@example.com', 'Hannah Rogers', 33, 'A', '2025-01-08 07:45:00', '2025-01-09 16:20:00'), ('jackson.carter@example.com', 'Jackson Carter', 26, 'A', '2025-02-14 09:50:00', '2025-02-15 12:30:00'), ('victoria.adams@example.com', 'Victoria Adams', 41, 'I', '2025-03-20 13:35:00', '2025-03-21 14:55:00'), ('ryan.scott@example.com', 'Ryan Scott', 22, 'A', '2025-04-25 08:00:00', '2025-04-26 09:25:00'), ('sophia.morris@example.com', 'Sophia Morris', 36, 'A', '2025-05-30 11:10:00', '2025-05-31 17:15:00'), ('ethan.lee@example.com', 'Ethan Lee', 34, 'I', '2025-06-18 07:20:00', '2025-06-19 08:40:00'), ('madison.taylor@example.com', 'Madison Taylor', 39, 'A', '2025-07-02 15:45:00', '2025-07-03 16:50:00'), ('benjamin.roberts@example.com', 'Benjamin Roberts', 24, 'A', '2025-08-19 10:00:00', '2025-08-20 11:30:00') ON CONFLICT (email) DO NOTHING
	at org.springframework.jdbc.datasource.init.ScriptUtils.executeSqlScript(ScriptUtils.java:282)
	at org.springframework.jdbc.datasource.init.ResourceDatabasePopulator.populate(ResourceDatabasePopulator.java:254)
	at org.springframework.jdbc.datasource.init.DatabasePopulatorUtils.execute(DatabasePopulatorUtils.java:54)
	at org.springframework.boot.jdbc.init.DataSourceScriptDatabaseInitializer.runScripts(DataSourceScriptDatabaseInitializer.java:87)
	at org.springframework.boot.sql.init.AbstractScriptDatabaseInitializer.runScripts(AbstractScriptDatabaseInitializer.java:146)
	at org.springframework.boot.sql.init.AbstractScriptDatabaseInitializer.applyScripts(AbstractScriptDatabaseInitializer.java:108)
	at org.springframework.boot.sql.init.AbstractScriptDatabaseInitializer.applySchemaScripts(AbstractScriptDatabaseInitializer.java:98)
	at org.springframework.boot.sql.init.AbstractScriptDatabaseInitializer.initializeDatabase(AbstractScriptDatabaseInitializer.java:76)
	at org.springframework.boot.sql.init.AbstractScriptDatabaseInitializer.afterPropertiesSet(AbstractScriptDatabaseInitializer.java:66)
	at org.springframework.beans.factory.support.AbstractAutowireCapableBeanFactory.invokeInitMethods(AbstractAutowireCapableBeanFactory.java:1853)
	at org.springframework.beans.factory.support.AbstractAutowireCapableBeanFactory.initializeBean(AbstractAutowireCapableBeanFactory.java:1802)
	... 17 common frames omitted
Caused by: org.postgresql.util.PSQLException: ERROR: there is no unique or exclusion constraint matching the ON CONFLICT specification
	at org.postgresql.core.v3.QueryExecutorImpl.receiveErrorResponse(QueryExecutorImpl.java:2733)
	at org.postgresql.core.v3.QueryExecutorImpl.processResults(QueryExecutorImpl.java:2420)
	at org.postgresql.core.v3.QueryExecutorImpl.execute(QueryExecutorImpl.java:372)
	at org.postgresql.jdbc.PgStatement.executeInternal(PgStatement.java:517)
	at org.postgresql.jdbc.PgStatement.execute(PgStatement.java:434)
	at org.postgresql.jdbc.PgStatement.executeWithFlags(PgStatement.java:356)
	at org.postgresql.jdbc.PgStatement.executeCachedSql(PgStatement.java:341)
	at org.postgresql.jdbc.PgStatement.executeWithFlags(PgStatement.java:317)
	at org.postgresql.jdbc.PgStatement.execute(PgStatement.java:312)
	at com.zaxxer.hikari.pool.ProxyStatement.execute(ProxyStatement.java:94)
	at com.zaxxer.hikari.pool.HikariProxyStatement.execute(HikariProxyStatement.java)
	at org.springframework.jdbc.datasource.init.ScriptUtils.executeSqlScript(ScriptUtils.java:261)
	... 27 common frames omitted
2025-03-08 14:40:05 [main] INFO  com.thirdparty.user.UserApplication - Starting UserApplication using Java 17.0.9 with PID 297500 (D:\Documents\GitHub\MBJavaAssessment\ThirdPartyUser\bin\main started by Vapor-15 Pro in D:\Documents\GitHub\MBJavaAssessment\ThirdPartyUser)
2025-03-08 14:40:05 [main] INFO  com.thirdparty.user.UserApplication - No active profile set, falling back to 1 default profile: "default"
2025-03-08 14:40:06 [main] INFO  o.s.d.r.c.RepositoryConfigurationDelegate - Bootstrapping Spring Data JPA repositories in DEFAULT mode.
2025-03-08 14:40:06 [main] INFO  o.s.d.r.c.RepositoryConfigurationDelegate - Finished Spring Data repository scanning in 65 ms. Found 1 JPA repository interface.
2025-03-08 14:40:06 [main] INFO  o.s.cloud.context.scope.GenericScope - BeanFactory id=ad30b5ef-df99-33dc-8ae6-4642e38401f1
2025-03-08 14:40:06 [main] INFO  o.s.b.w.e.tomcat.TomcatWebServer - Tomcat initialized with port 8086 (http)
2025-03-08 14:40:06 [main] INFO  o.a.coyote.http11.Http11NioProtocol - Initializing ProtocolHandler ["http-nio-8086"]
2025-03-08 14:40:06 [main] INFO  o.a.catalina.core.StandardService - Starting service [Tomcat]
2025-03-08 14:40:06 [main] INFO  o.a.catalina.core.StandardEngine - Starting Servlet engine: [Apache Tomcat/10.1.36]
2025-03-08 14:40:07 [main] INFO  o.a.c.c.C.[Tomcat].[localhost].[/] - Initializing Spring embedded WebApplicationContext
2025-03-08 14:40:07 [main] INFO  o.s.b.w.s.c.ServletWebServerApplicationContext - Root WebApplicationContext: initialization completed in 1335 ms
2025-03-08 14:40:07 [main] INFO  com.zaxxer.hikari.HikariDataSource - HikariPool-1 - Starting...
2025-03-08 14:40:07 [main] INFO  com.zaxxer.hikari.pool.HikariPool - HikariPool-1 - Added connection org.postgresql.jdbc.PgConnection@4ce25e47
2025-03-08 14:40:07 [main] INFO  com.zaxxer.hikari.HikariDataSource - HikariPool-1 - Start completed.
2025-03-08 14:40:07 [main] WARN  o.s.b.w.s.c.AnnotationConfigServletWebServerApplicationContext - Exception encountered during context initialization - cancelling refresh attempt: org.springframework.beans.factory.BeanCreationException: Error creating bean with name 'entityManagerFactory' defined in class path resource [org/springframework/boot/autoconfigure/orm/jpa/HibernateJpaConfiguration.class]: Failed to initialize dependency 'dataSourceScriptDatabaseInitializer' of LoadTimeWeaverAware bean 'entityManagerFactory': Error creating bean with name 'dataSourceScriptDatabaseInitializer' defined in class path resource [org/springframework/boot/autoconfigure/sql/init/DataSourceInitializationConfiguration.class]: Failed to execute SQL script statement #1 of class path resource [sql/import.sql]: INSERT INTO thirdparty.user (email, name, age, status, created_dt, modified_dt) VALUES ('john.doe@example.com', 'John Doe', 30, 'A', '2024-01-01 10:15:00', '2024-01-02 12:00:00'), ('jane.smith@example.com', 'Jane Smith', 25, 'A', '2024-02-10 09:30:00', '2024-02-11 14:20:00'), ('alice.brown@example.com', 'Alice Brown', 35, 'I', '2024-03-05 08:45:00', '2024-03-06 10:10:00'), ('robert.jones@example.com', 'Robert Jones', 40, 'A', '2024-04-15 07:20:00', '2024-04-16 11:05:00'), ('emily.watson@example.com', 'Emily Watson', 28, 'A', '2024-05-22 15:00:00', '2024-05-23 16:30:00'), ('michael.clark@example.com', 'Michael Clark', 32, 'I', '2024-06-18 12:25:00', '2024-06-19 13:50:00'), ('sarah.lee@example.com', 'Sarah Lee', 27, 'A', '2024-07-03 14:10:00', '2024-07-04 09:40:00'), ('david.harris@example.com', 'David Harris', 45, 'A', '2024-08-10 10:00:00', '2024-08-11 15:00:00'), ('laura.evans@example.com', 'Laura Evans', 23, 'I', '2024-09-17 11:30:00', '2024-09-18 18:45:00'), ('william.white@example.com', 'William White', 38, 'A', '2024-10-21 08:15:00', '2024-10-22 17:30:00'), ('olivia.martin@example.com', 'Olivia Martin', 31, 'A', '2024-11-12 14:20:00', '2024-11-13 13:10:00'), ('daniel.thomas@example.com', 'Daniel Thomas', 29, 'I', '2024-12-01 10:30:00', '2024-12-02 11:45:00'), ('hannah.rogers@example.com', 'Hannah Rogers', 33, 'A', '2025-01-08 07:45:00', '2025-01-09 16:20:00'), ('jackson.carter@example.com', 'Jackson Carter', 26, 'A', '2025-02-14 09:50:00', '2025-02-15 12:30:00'), ('victoria.adams@example.com', 'Victoria Adams', 41, 'I', '2025-03-20 13:35:00', '2025-03-21 14:55:00'), ('ryan.scott@example.com', 'Ryan Scott', 22, 'A', '2025-04-25 08:00:00', '2025-04-26 09:25:00'), ('sophia.morris@example.com', 'Sophia Morris', 36, 'A', '2025-05-30 11:10:00', '2025-05-31 17:15:00'), ('ethan.lee@example.com', 'Ethan Lee', 34, 'I', '2025-06-18 07:20:00', '2025-06-19 08:40:00'), ('madison.taylor@example.com', 'Madison Taylor', 39, 'A', '2025-07-02 15:45:00', '2025-07-03 16:50:00'), ('benjamin.roberts@example.com', 'Benjamin Roberts', 24, 'A', '2025-08-19 10:00:00', '2025-08-20 11:30:00') ON CONFLICT (email) DO NOTHING
2025-03-08 14:40:07 [main] INFO  com.zaxxer.hikari.HikariDataSource - HikariPool-1 - Shutdown initiated...
2025-03-08 14:40:07 [main] INFO  com.zaxxer.hikari.HikariDataSource - HikariPool-1 - Shutdown completed.
2025-03-08 14:40:07 [main] INFO  o.a.catalina.core.StandardService - Stopping service [Tomcat]
2025-03-08 14:40:07 [main] INFO  o.s.b.a.l.ConditionEvaluationReportLogger - 

Error starting ApplicationContext. To display the condition evaluation report re-run your application with 'debug' enabled.
2025-03-08 14:40:07 [main] ERROR o.s.boot.SpringApplication - Application run failed
org.springframework.beans.factory.BeanCreationException: Error creating bean with name 'entityManagerFactory' defined in class path resource [org/springframework/boot/autoconfigure/orm/jpa/HibernateJpaConfiguration.class]: Failed to initialize dependency 'dataSourceScriptDatabaseInitializer' of LoadTimeWeaverAware bean 'entityManagerFactory': Error creating bean with name 'dataSourceScriptDatabaseInitializer' defined in class path resource [org/springframework/boot/autoconfigure/sql/init/DataSourceInitializationConfiguration.class]: Failed to execute SQL script statement #1 of class path resource [sql/import.sql]: INSERT INTO thirdparty.user (email, name, age, status, created_dt, modified_dt) VALUES ('john.doe@example.com', 'John Doe', 30, 'A', '2024-01-01 10:15:00', '2024-01-02 12:00:00'), ('jane.smith@example.com', 'Jane Smith', 25, 'A', '2024-02-10 09:30:00', '2024-02-11 14:20:00'), ('alice.brown@example.com', 'Alice Brown', 35, 'I', '2024-03-05 08:45:00', '2024-03-06 10:10:00'), ('robert.jones@example.com', 'Robert Jones', 40, 'A', '2024-04-15 07:20:00', '2024-04-16 11:05:00'), ('emily.watson@example.com', 'Emily Watson', 28, 'A', '2024-05-22 15:00:00', '2024-05-23 16:30:00'), ('michael.clark@example.com', 'Michael Clark', 32, 'I', '2024-06-18 12:25:00', '2024-06-19 13:50:00'), ('sarah.lee@example.com', 'Sarah Lee', 27, 'A', '2024-07-03 14:10:00', '2024-07-04 09:40:00'), ('david.harris@example.com', 'David Harris', 45, 'A', '2024-08-10 10:00:00', '2024-08-11 15:00:00'), ('laura.evans@example.com', 'Laura Evans', 23, 'I', '2024-09-17 11:30:00', '2024-09-18 18:45:00'), ('william.white@example.com', 'William White', 38, 'A', '2024-10-21 08:15:00', '2024-10-22 17:30:00'), ('olivia.martin@example.com', 'Olivia Martin', 31, 'A', '2024-11-12 14:20:00', '2024-11-13 13:10:00'), ('daniel.thomas@example.com', 'Daniel Thomas', 29, 'I', '2024-12-01 10:30:00', '2024-12-02 11:45:00'), ('hannah.rogers@example.com', 'Hannah Rogers', 33, 'A', '2025-01-08 07:45:00', '2025-01-09 16:20:00'), ('jackson.carter@example.com', 'Jackson Carter', 26, 'A', '2025-02-14 09:50:00', '2025-02-15 12:30:00'), ('victoria.adams@example.com', 'Victoria Adams', 41, 'I', '2025-03-20 13:35:00', '2025-03-21 14:55:00'), ('ryan.scott@example.com', 'Ryan Scott', 22, 'A', '2025-04-25 08:00:00', '2025-04-26 09:25:00'), ('sophia.morris@example.com', 'Sophia Morris', 36, 'A', '2025-05-30 11:10:00', '2025-05-31 17:15:00'), ('ethan.lee@example.com', 'Ethan Lee', 34, 'I', '2025-06-18 07:20:00', '2025-06-19 08:40:00'), ('madison.taylor@example.com', 'Madison Taylor', 39, 'A', '2025-07-02 15:45:00', '2025-07-03 16:50:00'), ('benjamin.roberts@example.com', 'Benjamin Roberts', 24, 'A', '2025-08-19 10:00:00', '2025-08-20 11:30:00') ON CONFLICT (email) DO NOTHING
	at org.springframework.beans.factory.support.AbstractBeanFactory.doGetBean(AbstractBeanFactory.java:326)
	at org.springframework.beans.factory.support.AbstractBeanFactory.getBean(AbstractBeanFactory.java:205)
	at org.springframework.context.support.AbstractApplicationContext.finishBeanFactoryInitialization(AbstractApplicationContext.java:954)
	at org.springframework.context.support.AbstractApplicationContext.refresh(AbstractApplicationContext.java:625)
	at org.springframework.boot.web.servlet.context.ServletWebServerApplicationContext.refresh(ServletWebServerApplicationContext.java:146)
	at org.springframework.boot.SpringApplication.refresh(SpringApplication.java:754)
	at org.springframework.boot.SpringApplication.refreshContext(SpringApplication.java:456)
	at org.springframework.boot.SpringApplication.run(SpringApplication.java:335)
	at org.springframework.boot.SpringApplication.run(SpringApplication.java:1363)
	at org.springframework.boot.SpringApplication.run(SpringApplication.java:1352)
	at com.thirdparty.user.UserApplication.main(UserApplication.java:10)
Caused by: org.springframework.beans.factory.BeanCreationException: Error creating bean with name 'dataSourceScriptDatabaseInitializer' defined in class path resource [org/springframework/boot/autoconfigure/sql/init/DataSourceInitializationConfiguration.class]: Failed to execute SQL script statement #1 of class path resource [sql/import.sql]: INSERT INTO thirdparty.user (email, name, age, status, created_dt, modified_dt) VALUES ('john.doe@example.com', 'John Doe', 30, 'A', '2024-01-01 10:15:00', '2024-01-02 12:00:00'), ('jane.smith@example.com', 'Jane Smith', 25, 'A', '2024-02-10 09:30:00', '2024-02-11 14:20:00'), ('alice.brown@example.com', 'Alice Brown', 35, 'I', '2024-03-05 08:45:00', '2024-03-06 10:10:00'), ('robert.jones@example.com', 'Robert Jones', 40, 'A', '2024-04-15 07:20:00', '2024-04-16 11:05:00'), ('emily.watson@example.com', 'Emily Watson', 28, 'A', '2024-05-22 15:00:00', '2024-05-23 16:30:00'), ('michael.clark@example.com', 'Michael Clark', 32, 'I', '2024-06-18 12:25:00', '2024-06-19 13:50:00'), ('sarah.lee@example.com', 'Sarah Lee', 27, 'A', '2024-07-03 14:10:00', '2024-07-04 09:40:00'), ('david.harris@example.com', 'David Harris', 45, 'A', '2024-08-10 10:00:00', '2024-08-11 15:00:00'), ('laura.evans@example.com', 'Laura Evans', 23, 'I', '2024-09-17 11:30:00', '2024-09-18 18:45:00'), ('william.white@example.com', 'William White', 38, 'A', '2024-10-21 08:15:00', '2024-10-22 17:30:00'), ('olivia.martin@example.com', 'Olivia Martin', 31, 'A', '2024-11-12 14:20:00', '2024-11-13 13:10:00'), ('daniel.thomas@example.com', 'Daniel Thomas', 29, 'I', '2024-12-01 10:30:00', '2024-12-02 11:45:00'), ('hannah.rogers@example.com', 'Hannah Rogers', 33, 'A', '2025-01-08 07:45:00', '2025-01-09 16:20:00'), ('jackson.carter@example.com', 'Jackson Carter', 26, 'A', '2025-02-14 09:50:00', '2025-02-15 12:30:00'), ('victoria.adams@example.com', 'Victoria Adams', 41, 'I', '2025-03-20 13:35:00', '2025-03-21 14:55:00'), ('ryan.scott@example.com', 'Ryan Scott', 22, 'A', '2025-04-25 08:00:00', '2025-04-26 09:25:00'), ('sophia.morris@example.com', 'Sophia Morris', 36, 'A', '2025-05-30 11:10:00', '2025-05-31 17:15:00'), ('ethan.lee@example.com', 'Ethan Lee', 34, 'I', '2025-06-18 07:20:00', '2025-06-19 08:40:00'), ('madison.taylor@example.com', 'Madison Taylor', 39, 'A', '2025-07-02 15:45:00', '2025-07-03 16:50:00'), ('benjamin.roberts@example.com', 'Benjamin Roberts', 24, 'A', '2025-08-19 10:00:00', '2025-08-20 11:30:00') ON CONFLICT (email) DO NOTHING
	at org.springframework.beans.factory.support.AbstractAutowireCapableBeanFactory.initializeBean(AbstractAutowireCapableBeanFactory.java:1806)
	at org.springframework.beans.factory.support.AbstractAutowireCapableBeanFactory.doCreateBean(AbstractAutowireCapableBeanFactory.java:600)
	at org.springframework.beans.factory.support.AbstractAutowireCapableBeanFactory.createBean(AbstractAutowireCapableBeanFactory.java:522)
	at org.springframework.beans.factory.support.AbstractBeanFactory.lambda$doGetBean$0(AbstractBeanFactory.java:337)
	at org.springframework.beans.factory.support.DefaultSingletonBeanRegistry.getSingleton(DefaultSingletonBeanRegistry.java:234)
	at org.springframework.beans.factory.support.AbstractBeanFactory.doGetBean(AbstractBeanFactory.java:335)
	at org.springframework.beans.factory.support.AbstractBeanFactory.getBean(AbstractBeanFactory.java:200)
	at org.springframework.beans.factory.support.AbstractBeanFactory.doGetBean(AbstractBeanFactory.java:313)
	... 10 common frames omitted
Caused by: org.springframework.jdbc.datasource.init.ScriptStatementFailedException: Failed to execute SQL script statement #1 of class path resource [sql/import.sql]: INSERT INTO thirdparty.user (email, name, age, status, created_dt, modified_dt) VALUES ('john.doe@example.com', 'John Doe', 30, 'A', '2024-01-01 10:15:00', '2024-01-02 12:00:00'), ('jane.smith@example.com', 'Jane Smith', 25, 'A', '2024-02-10 09:30:00', '2024-02-11 14:20:00'), ('alice.brown@example.com', 'Alice Brown', 35, 'I', '2024-03-05 08:45:00', '2024-03-06 10:10:00'), ('robert.jones@example.com', 'Robert Jones', 40, 'A', '2024-04-15 07:20:00', '2024-04-16 11:05:00'), ('emily.watson@example.com', 'Emily Watson', 28, 'A', '2024-05-22 15:00:00', '2024-05-23 16:30:00'), ('michael.clark@example.com', 'Michael Clark', 32, 'I', '2024-06-18 12:25:00', '2024-06-19 13:50:00'), ('sarah.lee@example.com', 'Sarah Lee', 27, 'A', '2024-07-03 14:10:00', '2024-07-04 09:40:00'), ('david.harris@example.com', 'David Harris', 45, 'A', '2024-08-10 10:00:00', '2024-08-11 15:00:00'), ('laura.evans@example.com', 'Laura Evans', 23, 'I', '2024-09-17 11:30:00', '2024-09-18 18:45:00'), ('william.white@example.com', 'William White', 38, 'A', '2024-10-21 08:15:00', '2024-10-22 17:30:00'), ('olivia.martin@example.com', 'Olivia Martin', 31, 'A', '2024-11-12 14:20:00', '2024-11-13 13:10:00'), ('daniel.thomas@example.com', 'Daniel Thomas', 29, 'I', '2024-12-01 10:30:00', '2024-12-02 11:45:00'), ('hannah.rogers@example.com', 'Hannah Rogers', 33, 'A', '2025-01-08 07:45:00', '2025-01-09 16:20:00'), ('jackson.carter@example.com', 'Jackson Carter', 26, 'A', '2025-02-14 09:50:00', '2025-02-15 12:30:00'), ('victoria.adams@example.com', 'Victoria Adams', 41, 'I', '2025-03-20 13:35:00', '2025-03-21 14:55:00'), ('ryan.scott@example.com', 'Ryan Scott', 22, 'A', '2025-04-25 08:00:00', '2025-04-26 09:25:00'), ('sophia.morris@example.com', 'Sophia Morris', 36, 'A', '2025-05-30 11:10:00', '2025-05-31 17:15:00'), ('ethan.lee@example.com', 'Ethan Lee', 34, 'I', '2025-06-18 07:20:00', '2025-06-19 08:40:00'), ('madison.taylor@example.com', 'Madison Taylor', 39, 'A', '2025-07-02 15:45:00', '2025-07-03 16:50:00'), ('benjamin.roberts@example.com', 'Benjamin Roberts', 24, 'A', '2025-08-19 10:00:00', '2025-08-20 11:30:00') ON CONFLICT (email) DO NOTHING
	at org.springframework.jdbc.datasource.init.ScriptUtils.executeSqlScript(ScriptUtils.java:282)
	at org.springframework.jdbc.datasource.init.ResourceDatabasePopulator.populate(ResourceDatabasePopulator.java:254)
	at org.springframework.jdbc.datasource.init.DatabasePopulatorUtils.execute(DatabasePopulatorUtils.java:54)
	at org.springframework.boot.jdbc.init.DataSourceScriptDatabaseInitializer.runScripts(DataSourceScriptDatabaseInitializer.java:87)
	at org.springframework.boot.sql.init.AbstractScriptDatabaseInitializer.runScripts(AbstractScriptDatabaseInitializer.java:146)
	at org.springframework.boot.sql.init.AbstractScriptDatabaseInitializer.applyScripts(AbstractScriptDatabaseInitializer.java:108)
	at org.springframework.boot.sql.init.AbstractScriptDatabaseInitializer.applySchemaScripts(AbstractScriptDatabaseInitializer.java:98)
	at org.springframework.boot.sql.init.AbstractScriptDatabaseInitializer.initializeDatabase(AbstractScriptDatabaseInitializer.java:76)
	at org.springframework.boot.sql.init.AbstractScriptDatabaseInitializer.afterPropertiesSet(AbstractScriptDatabaseInitializer.java:66)
	at org.springframework.beans.factory.support.AbstractAutowireCapableBeanFactory.invokeInitMethods(AbstractAutowireCapableBeanFactory.java:1853)
	at org.springframework.beans.factory.support.AbstractAutowireCapableBeanFactory.initializeBean(AbstractAutowireCapableBeanFactory.java:1802)
	... 17 common frames omitted
Caused by: org.postgresql.util.PSQLException: ERROR: relation "thirdparty.user" does not exist
  Position: 13
	at org.postgresql.core.v3.QueryExecutorImpl.receiveErrorResponse(QueryExecutorImpl.java:2733)
	at org.postgresql.core.v3.QueryExecutorImpl.processResults(QueryExecutorImpl.java:2420)
	at org.postgresql.core.v3.QueryExecutorImpl.execute(QueryExecutorImpl.java:372)
	at org.postgresql.jdbc.PgStatement.executeInternal(PgStatement.java:517)
	at org.postgresql.jdbc.PgStatement.execute(PgStatement.java:434)
	at org.postgresql.jdbc.PgStatement.executeWithFlags(PgStatement.java:356)
	at org.postgresql.jdbc.PgStatement.executeCachedSql(PgStatement.java:341)
	at org.postgresql.jdbc.PgStatement.executeWithFlags(PgStatement.java:317)
	at org.postgresql.jdbc.PgStatement.execute(PgStatement.java:312)
	at com.zaxxer.hikari.pool.ProxyStatement.execute(ProxyStatement.java:94)
	at com.zaxxer.hikari.pool.HikariProxyStatement.execute(HikariProxyStatement.java)
	at org.springframework.jdbc.datasource.init.ScriptUtils.executeSqlScript(ScriptUtils.java:261)
	... 27 common frames omitted
2025-03-08 14:43:17 [main] INFO  com.thirdparty.user.UserApplication - Starting UserApplication using Java 17.0.9 with PID 15932 (D:\Documents\GitHub\MBJavaAssessment\ThirdPartyUser\bin\main started by Vapor-15 Pro in D:\Documents\GitHub\MBJavaAssessment\ThirdPartyUser)
2025-03-08 14:43:17 [main] INFO  com.thirdparty.user.UserApplication - No active profile set, falling back to 1 default profile: "default"
2025-03-08 14:43:18 [main] INFO  o.s.d.r.c.RepositoryConfigurationDelegate - Bootstrapping Spring Data JPA repositories in DEFAULT mode.
2025-03-08 14:43:18 [main] INFO  o.s.d.r.c.RepositoryConfigurationDelegate - Finished Spring Data repository scanning in 53 ms. Found 1 JPA repository interface.
2025-03-08 14:43:18 [main] INFO  o.s.cloud.context.scope.GenericScope - BeanFactory id=ad30b5ef-df99-33dc-8ae6-4642e38401f1
2025-03-08 14:43:19 [main] INFO  o.s.b.w.e.tomcat.TomcatWebServer - Tomcat initialized with port 8086 (http)
2025-03-08 14:43:19 [main] INFO  o.a.coyote.http11.Http11NioProtocol - Initializing ProtocolHandler ["http-nio-8086"]
2025-03-08 14:43:19 [main] INFO  o.a.catalina.core.StandardService - Starting service [Tomcat]
2025-03-08 14:43:19 [main] INFO  o.a.catalina.core.StandardEngine - Starting Servlet engine: [Apache Tomcat/10.1.36]
2025-03-08 14:43:19 [main] INFO  o.a.c.c.C.[Tomcat].[localhost].[/] - Initializing Spring embedded WebApplicationContext
2025-03-08 14:43:19 [main] INFO  o.s.b.w.s.c.ServletWebServerApplicationContext - Root WebApplicationContext: initialization completed in 1161 ms
2025-03-08 14:43:19 [main] INFO  com.zaxxer.hikari.HikariDataSource - HikariPool-1 - Starting...
2025-03-08 14:43:19 [main] INFO  com.zaxxer.hikari.pool.HikariPool - HikariPool-1 - Added connection org.postgresql.jdbc.PgConnection@7558633
2025-03-08 14:43:19 [main] INFO  com.zaxxer.hikari.HikariDataSource - HikariPool-1 - Start completed.
2025-03-08 14:43:19 [main] WARN  o.s.b.w.s.c.AnnotationConfigServletWebServerApplicationContext - Exception encountered during context initialization - cancelling refresh attempt: org.springframework.beans.factory.BeanCreationException: Error creating bean with name 'entityManagerFactory' defined in class path resource [org/springframework/boot/autoconfigure/orm/jpa/HibernateJpaConfiguration.class]: Failed to initialize dependency 'dataSourceScriptDatabaseInitializer' of LoadTimeWeaverAware bean 'entityManagerFactory': Error creating bean with name 'dataSourceScriptDatabaseInitializer' defined in class path resource [org/springframework/boot/autoconfigure/sql/init/DataSourceInitializationConfiguration.class]: Failed to execute SQL script statement #1 of class path resource [sql/import.sql]: INSERT INTO thirdparty.user (email, name, age, status, created_dt, modified_dt) VALUES ('john.doe@example.com', 'John Doe', 30, 'A', '2024-01-01 10:15:00', '2024-01-02 12:00:00'), ('jane.smith@example.com', 'Jane Smith', 25, 'A', '2024-02-10 09:30:00', '2024-02-11 14:20:00'), ('alice.brown@example.com', 'Alice Brown', 35, 'I', '2024-03-05 08:45:00', '2024-03-06 10:10:00'), ('robert.jones@example.com', 'Robert Jones', 40, 'A', '2024-04-15 07:20:00', '2024-04-16 11:05:00'), ('emily.watson@example.com', 'Emily Watson', 28, 'A', '2024-05-22 15:00:00', '2024-05-23 16:30:00'), ('michael.clark@example.com', 'Michael Clark', 32, 'I', '2024-06-18 12:25:00', '2024-06-19 13:50:00'), ('sarah.lee@example.com', 'Sarah Lee', 27, 'A', '2024-07-03 14:10:00', '2024-07-04 09:40:00'), ('david.harris@example.com', 'David Harris', 45, 'A', '2024-08-10 10:00:00', '2024-08-11 15:00:00'), ('laura.evans@example.com', 'Laura Evans', 23, 'I', '2024-09-17 11:30:00', '2024-09-18 18:45:00'), ('william.white@example.com', 'William White', 38, 'A', '2024-10-21 08:15:00', '2024-10-22 17:30:00'), ('olivia.martin@example.com', 'Olivia Martin', 31, 'A', '2024-11-12 14:20:00', '2024-11-13 13:10:00'), ('daniel.thomas@example.com', 'Daniel Thomas', 29, 'I', '2024-12-01 10:30:00', '2024-12-02 11:45:00'), ('hannah.rogers@example.com', 'Hannah Rogers', 33, 'A', '2025-01-08 07:45:00', '2025-01-09 16:20:00'), ('jackson.carter@example.com', 'Jackson Carter', 26, 'A', '2025-02-14 09:50:00', '2025-02-15 12:30:00'), ('victoria.adams@example.com', 'Victoria Adams', 41, 'I', '2025-03-20 13:35:00', '2025-03-21 14:55:00'), ('ryan.scott@example.com', 'Ryan Scott', 22, 'A', '2025-04-25 08:00:00', '2025-04-26 09:25:00'), ('sophia.morris@example.com', 'Sophia Morris', 36, 'A', '2025-05-30 11:10:00', '2025-05-31 17:15:00'), ('ethan.lee@example.com', 'Ethan Lee', 34, 'I', '2025-06-18 07:20:00', '2025-06-19 08:40:00'), ('madison.taylor@example.com', 'Madison Taylor', 39, 'A', '2025-07-02 15:45:00', '2025-07-03 16:50:00'), ('benjamin.roberts@example.com', 'Benjamin Roberts', 24, 'A', '2025-08-19 10:00:00', '2025-08-20 11:30:00') ON CONFLICT (email) DO NOTHING
2025-03-08 14:43:19 [main] INFO  com.zaxxer.hikari.HikariDataSource - HikariPool-1 - Shutdown initiated...
2025-03-08 14:43:19 [main] INFO  com.zaxxer.hikari.HikariDataSource - HikariPool-1 - Shutdown completed.
2025-03-08 14:43:19 [main] INFO  o.a.catalina.core.StandardService - Stopping service [Tomcat]
2025-03-08 14:43:19 [main] INFO  o.s.b.a.l.ConditionEvaluationReportLogger - 

Error starting ApplicationContext. To display the condition evaluation report re-run your application with 'debug' enabled.
2025-03-08 14:43:19 [main] ERROR o.s.boot.SpringApplication - Application run failed
org.springframework.beans.factory.BeanCreationException: Error creating bean with name 'entityManagerFactory' defined in class path resource [org/springframework/boot/autoconfigure/orm/jpa/HibernateJpaConfiguration.class]: Failed to initialize dependency 'dataSourceScriptDatabaseInitializer' of LoadTimeWeaverAware bean 'entityManagerFactory': Error creating bean with name 'dataSourceScriptDatabaseInitializer' defined in class path resource [org/springframework/boot/autoconfigure/sql/init/DataSourceInitializationConfiguration.class]: Failed to execute SQL script statement #1 of class path resource [sql/import.sql]: INSERT INTO thirdparty.user (email, name, age, status, created_dt, modified_dt) VALUES ('john.doe@example.com', 'John Doe', 30, 'A', '2024-01-01 10:15:00', '2024-01-02 12:00:00'), ('jane.smith@example.com', 'Jane Smith', 25, 'A', '2024-02-10 09:30:00', '2024-02-11 14:20:00'), ('alice.brown@example.com', 'Alice Brown', 35, 'I', '2024-03-05 08:45:00', '2024-03-06 10:10:00'), ('robert.jones@example.com', 'Robert Jones', 40, 'A', '2024-04-15 07:20:00', '2024-04-16 11:05:00'), ('emily.watson@example.com', 'Emily Watson', 28, 'A', '2024-05-22 15:00:00', '2024-05-23 16:30:00'), ('michael.clark@example.com', 'Michael Clark', 32, 'I', '2024-06-18 12:25:00', '2024-06-19 13:50:00'), ('sarah.lee@example.com', 'Sarah Lee', 27, 'A', '2024-07-03 14:10:00', '2024-07-04 09:40:00'), ('david.harris@example.com', 'David Harris', 45, 'A', '2024-08-10 10:00:00', '2024-08-11 15:00:00'), ('laura.evans@example.com', 'Laura Evans', 23, 'I', '2024-09-17 11:30:00', '2024-09-18 18:45:00'), ('william.white@example.com', 'William White', 38, 'A', '2024-10-21 08:15:00', '2024-10-22 17:30:00'), ('olivia.martin@example.com', 'Olivia Martin', 31, 'A', '2024-11-12 14:20:00', '2024-11-13 13:10:00'), ('daniel.thomas@example.com', 'Daniel Thomas', 29, 'I', '2024-12-01 10:30:00', '2024-12-02 11:45:00'), ('hannah.rogers@example.com', 'Hannah Rogers', 33, 'A', '2025-01-08 07:45:00', '2025-01-09 16:20:00'), ('jackson.carter@example.com', 'Jackson Carter', 26, 'A', '2025-02-14 09:50:00', '2025-02-15 12:30:00'), ('victoria.adams@example.com', 'Victoria Adams', 41, 'I', '2025-03-20 13:35:00', '2025-03-21 14:55:00'), ('ryan.scott@example.com', 'Ryan Scott', 22, 'A', '2025-04-25 08:00:00', '2025-04-26 09:25:00'), ('sophia.morris@example.com', 'Sophia Morris', 36, 'A', '2025-05-30 11:10:00', '2025-05-31 17:15:00'), ('ethan.lee@example.com', 'Ethan Lee', 34, 'I', '2025-06-18 07:20:00', '2025-06-19 08:40:00'), ('madison.taylor@example.com', 'Madison Taylor', 39, 'A', '2025-07-02 15:45:00', '2025-07-03 16:50:00'), ('benjamin.roberts@example.com', 'Benjamin Roberts', 24, 'A', '2025-08-19 10:00:00', '2025-08-20 11:30:00') ON CONFLICT (email) DO NOTHING
	at org.springframework.beans.factory.support.AbstractBeanFactory.doGetBean(AbstractBeanFactory.java:326)
	at org.springframework.beans.factory.support.AbstractBeanFactory.getBean(AbstractBeanFactory.java:205)
	at org.springframework.context.support.AbstractApplicationContext.finishBeanFactoryInitialization(AbstractApplicationContext.java:954)
	at org.springframework.context.support.AbstractApplicationContext.refresh(AbstractApplicationContext.java:625)
	at org.springframework.boot.web.servlet.context.ServletWebServerApplicationContext.refresh(ServletWebServerApplicationContext.java:146)
	at org.springframework.boot.SpringApplication.refresh(SpringApplication.java:754)
	at org.springframework.boot.SpringApplication.refreshContext(SpringApplication.java:456)
	at org.springframework.boot.SpringApplication.run(SpringApplication.java:335)
	at org.springframework.boot.SpringApplication.run(SpringApplication.java:1363)
	at org.springframework.boot.SpringApplication.run(SpringApplication.java:1352)
	at com.thirdparty.user.UserApplication.main(UserApplication.java:10)
Caused by: org.springframework.beans.factory.BeanCreationException: Error creating bean with name 'dataSourceScriptDatabaseInitializer' defined in class path resource [org/springframework/boot/autoconfigure/sql/init/DataSourceInitializationConfiguration.class]: Failed to execute SQL script statement #1 of class path resource [sql/import.sql]: INSERT INTO thirdparty.user (email, name, age, status, created_dt, modified_dt) VALUES ('john.doe@example.com', 'John Doe', 30, 'A', '2024-01-01 10:15:00', '2024-01-02 12:00:00'), ('jane.smith@example.com', 'Jane Smith', 25, 'A', '2024-02-10 09:30:00', '2024-02-11 14:20:00'), ('alice.brown@example.com', 'Alice Brown', 35, 'I', '2024-03-05 08:45:00', '2024-03-06 10:10:00'), ('robert.jones@example.com', 'Robert Jones', 40, 'A', '2024-04-15 07:20:00', '2024-04-16 11:05:00'), ('emily.watson@example.com', 'Emily Watson', 28, 'A', '2024-05-22 15:00:00', '2024-05-23 16:30:00'), ('michael.clark@example.com', 'Michael Clark', 32, 'I', '2024-06-18 12:25:00', '2024-06-19 13:50:00'), ('sarah.lee@example.com', 'Sarah Lee', 27, 'A', '2024-07-03 14:10:00', '2024-07-04 09:40:00'), ('david.harris@example.com', 'David Harris', 45, 'A', '2024-08-10 10:00:00', '2024-08-11 15:00:00'), ('laura.evans@example.com', 'Laura Evans', 23, 'I', '2024-09-17 11:30:00', '2024-09-18 18:45:00'), ('william.white@example.com', 'William White', 38, 'A', '2024-10-21 08:15:00', '2024-10-22 17:30:00'), ('olivia.martin@example.com', 'Olivia Martin', 31, 'A', '2024-11-12 14:20:00', '2024-11-13 13:10:00'), ('daniel.thomas@example.com', 'Daniel Thomas', 29, 'I', '2024-12-01 10:30:00', '2024-12-02 11:45:00'), ('hannah.rogers@example.com', 'Hannah Rogers', 33, 'A', '2025-01-08 07:45:00', '2025-01-09 16:20:00'), ('jackson.carter@example.com', 'Jackson Carter', 26, 'A', '2025-02-14 09:50:00', '2025-02-15 12:30:00'), ('victoria.adams@example.com', 'Victoria Adams', 41, 'I', '2025-03-20 13:35:00', '2025-03-21 14:55:00'), ('ryan.scott@example.com', 'Ryan Scott', 22, 'A', '2025-04-25 08:00:00', '2025-04-26 09:25:00'), ('sophia.morris@example.com', 'Sophia Morris', 36, 'A', '2025-05-30 11:10:00', '2025-05-31 17:15:00'), ('ethan.lee@example.com', 'Ethan Lee', 34, 'I', '2025-06-18 07:20:00', '2025-06-19 08:40:00'), ('madison.taylor@example.com', 'Madison Taylor', 39, 'A', '2025-07-02 15:45:00', '2025-07-03 16:50:00'), ('benjamin.roberts@example.com', 'Benjamin Roberts', 24, 'A', '2025-08-19 10:00:00', '2025-08-20 11:30:00') ON CONFLICT (email) DO NOTHING
	at org.springframework.beans.factory.support.AbstractAutowireCapableBeanFactory.initializeBean(AbstractAutowireCapableBeanFactory.java:1806)
	at org.springframework.beans.factory.support.AbstractAutowireCapableBeanFactory.doCreateBean(AbstractAutowireCapableBeanFactory.java:600)
	at org.springframework.beans.factory.support.AbstractAutowireCapableBeanFactory.createBean(AbstractAutowireCapableBeanFactory.java:522)
	at org.springframework.beans.factory.support.AbstractBeanFactory.lambda$doGetBean$0(AbstractBeanFactory.java:337)
	at org.springframework.beans.factory.support.DefaultSingletonBeanRegistry.getSingleton(DefaultSingletonBeanRegistry.java:234)
	at org.springframework.beans.factory.support.AbstractBeanFactory.doGetBean(AbstractBeanFactory.java:335)
	at org.springframework.beans.factory.support.AbstractBeanFactory.getBean(AbstractBeanFactory.java:200)
	at org.springframework.beans.factory.support.AbstractBeanFactory.doGetBean(AbstractBeanFactory.java:313)
	... 10 common frames omitted
Caused by: org.springframework.jdbc.datasource.init.ScriptStatementFailedException: Failed to execute SQL script statement #1 of class path resource [sql/import.sql]: INSERT INTO thirdparty.user (email, name, age, status, created_dt, modified_dt) VALUES ('john.doe@example.com', 'John Doe', 30, 'A', '2024-01-01 10:15:00', '2024-01-02 12:00:00'), ('jane.smith@example.com', 'Jane Smith', 25, 'A', '2024-02-10 09:30:00', '2024-02-11 14:20:00'), ('alice.brown@example.com', 'Alice Brown', 35, 'I', '2024-03-05 08:45:00', '2024-03-06 10:10:00'), ('robert.jones@example.com', 'Robert Jones', 40, 'A', '2024-04-15 07:20:00', '2024-04-16 11:05:00'), ('emily.watson@example.com', 'Emily Watson', 28, 'A', '2024-05-22 15:00:00', '2024-05-23 16:30:00'), ('michael.clark@example.com', 'Michael Clark', 32, 'I', '2024-06-18 12:25:00', '2024-06-19 13:50:00'), ('sarah.lee@example.com', 'Sarah Lee', 27, 'A', '2024-07-03 14:10:00', '2024-07-04 09:40:00'), ('david.harris@example.com', 'David Harris', 45, 'A', '2024-08-10 10:00:00', '2024-08-11 15:00:00'), ('laura.evans@example.com', 'Laura Evans', 23, 'I', '2024-09-17 11:30:00', '2024-09-18 18:45:00'), ('william.white@example.com', 'William White', 38, 'A', '2024-10-21 08:15:00', '2024-10-22 17:30:00'), ('olivia.martin@example.com', 'Olivia Martin', 31, 'A', '2024-11-12 14:20:00', '2024-11-13 13:10:00'), ('daniel.thomas@example.com', 'Daniel Thomas', 29, 'I', '2024-12-01 10:30:00', '2024-12-02 11:45:00'), ('hannah.rogers@example.com', 'Hannah Rogers', 33, 'A', '2025-01-08 07:45:00', '2025-01-09 16:20:00'), ('jackson.carter@example.com', 'Jackson Carter', 26, 'A', '2025-02-14 09:50:00', '2025-02-15 12:30:00'), ('victoria.adams@example.com', 'Victoria Adams', 41, 'I', '2025-03-20 13:35:00', '2025-03-21 14:55:00'), ('ryan.scott@example.com', 'Ryan Scott', 22, 'A', '2025-04-25 08:00:00', '2025-04-26 09:25:00'), ('sophia.morris@example.com', 'Sophia Morris', 36, 'A', '2025-05-30 11:10:00', '2025-05-31 17:15:00'), ('ethan.lee@example.com', 'Ethan Lee', 34, 'I', '2025-06-18 07:20:00', '2025-06-19 08:40:00'), ('madison.taylor@example.com', 'Madison Taylor', 39, 'A', '2025-07-02 15:45:00', '2025-07-03 16:50:00'), ('benjamin.roberts@example.com', 'Benjamin Roberts', 24, 'A', '2025-08-19 10:00:00', '2025-08-20 11:30:00') ON CONFLICT (email) DO NOTHING
	at org.springframework.jdbc.datasource.init.ScriptUtils.executeSqlScript(ScriptUtils.java:282)
	at org.springframework.jdbc.datasource.init.ResourceDatabasePopulator.populate(ResourceDatabasePopulator.java:254)
	at org.springframework.jdbc.datasource.init.DatabasePopulatorUtils.execute(DatabasePopulatorUtils.java:54)
	at org.springframework.boot.jdbc.init.DataSourceScriptDatabaseInitializer.runScripts(DataSourceScriptDatabaseInitializer.java:87)
	at org.springframework.boot.sql.init.AbstractScriptDatabaseInitializer.runScripts(AbstractScriptDatabaseInitializer.java:146)
	at org.springframework.boot.sql.init.AbstractScriptDatabaseInitializer.applyScripts(AbstractScriptDatabaseInitializer.java:108)
	at org.springframework.boot.sql.init.AbstractScriptDatabaseInitializer.applyDataScripts(AbstractScriptDatabaseInitializer.java:102)
	at org.springframework.boot.sql.init.AbstractScriptDatabaseInitializer.initializeDatabase(AbstractScriptDatabaseInitializer.java:77)
	at org.springframework.boot.sql.init.AbstractScriptDatabaseInitializer.afterPropertiesSet(AbstractScriptDatabaseInitializer.java:66)
	at org.springframework.beans.factory.support.AbstractAutowireCapableBeanFactory.invokeInitMethods(AbstractAutowireCapableBeanFactory.java:1853)
	at org.springframework.beans.factory.support.AbstractAutowireCapableBeanFactory.initializeBean(AbstractAutowireCapableBeanFactory.java:1802)
	... 17 common frames omitted
Caused by: org.postgresql.util.PSQLException: ERROR: relation "thirdparty.user" does not exist
  Position: 13
	at org.postgresql.core.v3.QueryExecutorImpl.receiveErrorResponse(QueryExecutorImpl.java:2733)
	at org.postgresql.core.v3.QueryExecutorImpl.processResults(QueryExecutorImpl.java:2420)
	at org.postgresql.core.v3.QueryExecutorImpl.execute(QueryExecutorImpl.java:372)
	at org.postgresql.jdbc.PgStatement.executeInternal(PgStatement.java:517)
	at org.postgresql.jdbc.PgStatement.execute(PgStatement.java:434)
	at org.postgresql.jdbc.PgStatement.executeWithFlags(PgStatement.java:356)
	at org.postgresql.jdbc.PgStatement.executeCachedSql(PgStatement.java:341)
	at org.postgresql.jdbc.PgStatement.executeWithFlags(PgStatement.java:317)
	at org.postgresql.jdbc.PgStatement.execute(PgStatement.java:312)
	at com.zaxxer.hikari.pool.ProxyStatement.execute(ProxyStatement.java:94)
	at com.zaxxer.hikari.pool.HikariProxyStatement.execute(HikariProxyStatement.java)
	at org.springframework.jdbc.datasource.init.ScriptUtils.executeSqlScript(ScriptUtils.java:261)
	... 27 common frames omitted
2025-03-08 14:43:36 [main] INFO  com.thirdparty.user.UserApplication - Starting UserApplication using Java 17.0.9 with PID 329096 (D:\Documents\GitHub\MBJavaAssessment\ThirdPartyUser\bin\main started by Vapor-15 Pro in D:\Documents\GitHub\MBJavaAssessment\ThirdPartyUser)
2025-03-08 14:43:36 [main] INFO  com.thirdparty.user.UserApplication - No active profile set, falling back to 1 default profile: "default"
2025-03-08 14:43:36 [main] INFO  o.s.d.r.c.RepositoryConfigurationDelegate - Bootstrapping Spring Data JPA repositories in DEFAULT mode.
2025-03-08 14:43:36 [main] INFO  o.s.d.r.c.RepositoryConfigurationDelegate - Finished Spring Data repository scanning in 55 ms. Found 1 JPA repository interface.
2025-03-08 14:43:36 [main] INFO  o.s.cloud.context.scope.GenericScope - BeanFactory id=ad30b5ef-df99-33dc-8ae6-4642e38401f1
2025-03-08 14:43:37 [main] INFO  o.s.b.w.e.tomcat.TomcatWebServer - Tomcat initialized with port 8086 (http)
2025-03-08 14:43:37 [main] INFO  o.a.coyote.http11.Http11NioProtocol - Initializing ProtocolHandler ["http-nio-8086"]
2025-03-08 14:43:37 [main] INFO  o.a.catalina.core.StandardService - Starting service [Tomcat]
2025-03-08 14:43:37 [main] INFO  o.a.catalina.core.StandardEngine - Starting Servlet engine: [Apache Tomcat/10.1.36]
2025-03-08 14:43:37 [main] INFO  o.a.c.c.C.[Tomcat].[localhost].[/] - Initializing Spring embedded WebApplicationContext
2025-03-08 14:43:37 [main] INFO  o.s.b.w.s.c.ServletWebServerApplicationContext - Root WebApplicationContext: initialization completed in 1203 ms
2025-03-08 14:43:37 [main] INFO  o.h.jpa.internal.util.LogHelper - HHH000204: Processing PersistenceUnitInfo [name: default]
2025-03-08 14:43:37 [main] INFO  org.hibernate.Version - HHH000412: Hibernate ORM core version 6.5.3.Final
2025-03-08 14:43:37 [main] INFO  o.h.c.i.RegionFactoryInitiator - HHH000026: Second-level cache disabled
2025-03-08 14:43:37 [main] INFO  o.s.o.j.p.SpringPersistenceUnitInfo - No LoadTimeWeaver setup: ignoring JPA class transformer
2025-03-08 14:43:38 [main] INFO  com.zaxxer.hikari.HikariDataSource - HikariPool-1 - Starting...
2025-03-08 14:43:38 [main] INFO  com.zaxxer.hikari.pool.HikariPool - HikariPool-1 - Added connection org.postgresql.jdbc.PgConnection@6f68756d
2025-03-08 14:43:38 [main] INFO  com.zaxxer.hikari.HikariDataSource - HikariPool-1 - Start completed.
2025-03-08 14:43:38 [main] WARN  org.hibernate.orm.deprecation - HHH90000025: PostgreSQLDialect does not need to be specified explicitly using 'hibernate.dialect' (remove the property setting and it will be selected by default)
2025-03-08 14:43:38 [main] INFO  o.h.e.t.j.p.i.JtaPlatformInitiator - HHH000489: No JTA platform available (set 'hibernate.transaction.jta.platform' to enable JTA platform integration)
2025-03-08 14:43:39 [main] WARN  o.h.e.jdbc.spi.SqlExceptionHelper - SQL Warning Code: 0, SQLState: 00000
2025-03-08 14:43:39 [main] WARN  o.h.e.jdbc.spi.SqlExceptionHelper - constraint "ukob8kqyqqgmefl0aco34akdtpe" of relation "user" does not exist, skipping
2025-03-08 14:43:39 [main] INFO  o.s.o.j.LocalContainerEntityManagerFactoryBean - Initialized JPA EntityManagerFactory for persistence unit 'default'
2025-03-08 14:43:39 [main] WARN  o.s.b.a.o.j.JpaBaseConfiguration$JpaWebConfiguration - spring.jpa.open-in-view is enabled by default. Therefore, database queries may be performed during view rendering. Explicitly configure spring.jpa.open-in-view to disable this warning
2025-03-08 14:43:39 [main] INFO  o.a.coyote.http11.Http11NioProtocol - Starting ProtocolHandler ["http-nio-8086"]
2025-03-08 14:43:39 [main] INFO  o.s.b.w.e.tomcat.TomcatWebServer - Tomcat started on port 8086 (http) with context path '/'
2025-03-08 14:43:40 [main] INFO  com.thirdparty.user.UserApplication - Started UserApplication in 4.647 seconds (process running for 5.26)
